
       ╔════════════════════════════════════════════════╗
       ║                                                ║
       ║     ██████╗██████╗ ███████╗███████╗████████╗   ║
       ║    ██╔════╝██╔══██╗██╔════╝██╔════╝╚══██╔══╝   ║
       ║    ██║     ██████╔╝█████╗  ███████╗   ██║      ║
       ║    ██║     ██╔══██╗██╔══╝  ╚════██║   ██║      ║
       ║    ╚██████╗██║  ██║███████╗███████║   ██║      ║
       ║     ╚═════╝╚═╝  ╚═╝╚══════╝╚══════╝   ╚═╝      ║
       ║                                                ║
       ║    Conformer-Rotamer Ensemble Sampling Tool    ║
       ║            based on the xTB methods            ║
       ║                                                ║
       ╚════════════════════════════════════════════════╝
        Version 3.0.2, Mon, 29 September 16:25:59, 09/29/2025
        commit (c39758d) compiled by 'andrey@PC1'

   Cite work conducted with this code as

   • P.Pracht, F.Bohle, S.Grimme, PCCP, 2020, 22, 7169-7192.
   • S.Grimme, JCTC, 2019, 15, 2847-2862.
   • P.Pracht, S.Grimme, C.Bannwarth, F.Bohle, S.Ehlert,
     G.Feldmann, J.Gorges, M.Müller, T.Neudecker, C.Plett,
     S.Spicher, P.Steinbach, P.Wesołowski, F.Zeller,
     J. Chem. Phys., 2024, 160, 114110.

   for works involving QCG cite

   • S.Spicher, C.Plett, P.Pracht, A.Hansen, S.Grimme,
     JCTC, 2022, 18 (5), 3174-3189.
   • C.Plett, S. Grimme,
     Angew. Chem. Int. Ed. 2023, 62, e202214477.

   for works involving MECP screening cite

   • P.Pracht, C.Bannwarth, JCTC, 2022, 18 (10), 6370-6385.

   Original code
     P.Pracht, S.Grimme, Universität Bonn, MCTC
   with help from (alphabetical order):
     C.Bannwarth, F.Bohle, S.Ehlert, G.Feldmann, J.Gorges,
     S.Grimme, C.Plett, P.Pracht, S.Spicher, P.Steinbach,
     P.Wesolowski, F.Zeller

   Online documentation is available at
   https://crest-lab.github.io/crest-docs/

   This program is distributed in the hope that it will be useful,
   but WITHOUT ANY WARRANTY; without even the implied warranty of
   MERCHANTABILITY or FITNESS FOR A PARTICULAR PURPOSE. See the
   GNU Lesser General Public License (LGPL) for more details.

 Command line input:
 $ ./crest m1_00_Celecoxib-GitHubGFN2-B97-3C-TZ.xyz --T 16 --entropy --GFN2

  --T 16 (CPUs/Threads selected)
  --entropy : enhanced ensemble entropy calculation

> Setting up backup calculator ... done.
 ----------------
 Calculation info
 ----------------
> User-defined calculation level:
 : xTB calculation via tblite lib
 : GFN2-xTB level
 :   Molecular charge    : 0
 :   Fermi temperature   : 300.00000
 :   Accuracy            : 1.00000
 :   max SCC cycles      : 500


 -----------------------------
 Initial Geometry Optimization
 -----------------------------
 Geometry successfully optimized.

          ┍━━━━━━━━━━━━━━━━━━━━━━━━━━━━━━━━━━━━━━━━━━━━━━━━━┑
          │              CREST ENTROPY SAMPLING             │
          ┕━━━━━━━━━━━━━━━━━━━━━━━━━━━━━━━━━━━━━━━━━━━━━━━━━┙

 please cite:
 • P.Pracht, S.Grimme, Chem. Sci., 2021, 12, 6551-6568.
 • J.Gorges, S.Grimme, A.Hansen, P.Pracht, PCCP, 2022,24, 12249-12259.

 Input structure:
  40

 S          4.7662684676        1.1050571524        0.0235781731
 O          5.1788782294        1.7224752702        1.2493954641
 O          5.3775500155       -0.1258737428       -0.3834911773
 N          4.9496505966        2.2172103598       -1.2232585533
 H          5.2953342877        3.1039736441       -0.8953772725
 H          5.5128994750        1.8575185932       -1.9759247840
 C          2.9941912712        0.9094134670        0.0271925088
 C          2.2213820689        1.7422979381        0.8119226333
 C          0.8466744373        1.5908768999        0.8100892122
 C          0.2684466653        0.5983986937        0.0231354843
 C          1.0538468576       -0.2179173655       -0.7875201968
 C          2.4274817537       -0.0601115316       -0.7761200099
 H          3.0721528357       -0.6825958204       -1.3750536703
 H          0.5931523114       -0.9619792925       -1.4179295666
 N         -1.1277661419        0.4580495407        0.0381870698
 C         -1.8675493376       -0.6838543531       -0.0512927384
 C         -3.1904551560       -0.2832833053       -0.0857190542
 C         -3.1387793912        1.1157528214        0.0011110844
 N         -1.8910373372        1.5452816650        0.0759211907
 C         -4.2852417658        2.0652428562       -0.0085963476
 F         -5.4445348421        1.4418758348        0.2633666191
 F         -4.4531511815        2.6573147781       -1.2067879107
 F         -4.1604951030        3.0528380449        0.8874212595
 H         -4.0647570528       -0.8977864509       -0.1327589697
 C         -1.3230812178       -2.0343696233        0.0005261805
 C         -0.3304042735       -2.3733451656        0.9193724381
 C          0.1471881490       -3.6663879361        0.9798440061
 C         -0.3453288495       -4.6539638921        0.1322801830
 C         -1.3406013411       -4.3122681184       -0.7752528778
 C         -1.8303689574       -3.0219219722       -0.8397159869
 H         -2.6003435307       -2.7676290063       -1.5528215376
 H         -1.7381637097       -5.0659740666       -1.4392950909
 C          0.1699794971       -6.0559055100        0.2215077500
 H         -0.0345664415       -6.6066027662       -0.6931184440
 H          1.2415439366       -6.0623863573        0.4083785106
 H         -0.3156475023       -6.5768119335        1.0472684660
 H          0.9135302661       -3.9168469606        1.6985314338
 H          0.0550601604       -1.6250966345        1.5964029003
 H          0.2077580490        2.2249515487        1.4043510187
 H          2.7089041409        2.4825031079        1.4254273200

 ------------------------------------------------
 Generating MTD length from a flexibility measure
 ------------------------------------------------
 Calculating GFN0-xTB WBOs   ... done.
 Calculating NCI flexibility ... done.
     covalent flexibility measure :   0.088
 non-covalent flexibility measure :   0.707
 flexibility measure :   0.149
 t(MTD) / ps    :     7.0
 Σ(t(MTD)) / ps :   168.0 (24 MTDs)

 -----------------------------------
 Starting trial MTD to test settings
 -----------------------------------
 Trial MTD 1 runtime (1.0 ps) ...        0 min,  6.025 sec
 Estimated runtime for one MTD (7.0 ps) on a single thread: 42 sec
 Estimated runtime for a batch of 24 MTDs on 16 threads: 1 min 24 sec

********************************************************************************
**                    N E W   I T E R A T I O N  C Y C L E                    **
********************************************************************************

 ------------------------------
 Meta-Dynamics Iteration 1
 ------------------------------
 list of applied metadynamics Vbias parameters:
$metadyn    0.30000   1.618
$metadyn    0.15000   1.618
$metadyn    0.07500   1.618
$metadyn    0.03750   1.618
$metadyn    0.30000   1.000
$metadyn    0.15000   1.000
$metadyn    0.07500   1.000
$metadyn    0.03750   1.000
$metadyn    0.30000   0.618
$metadyn    0.15000   0.618
$metadyn    0.07500   0.618
$metadyn    0.03750   0.618
$metadyn    0.30000   0.382
$metadyn    0.15000   0.382
$metadyn    0.07500   0.382
$metadyn    0.03750   0.382
$metadyn    0.30000   0.236
$metadyn    0.15000   0.236
$metadyn    0.07500   0.236
$metadyn    0.03750   0.236
$metadyn    0.30000   0.146
$metadyn    0.15000   0.146
$metadyn    0.07500   0.146
$metadyn    0.03750   0.146

  ::::::::::::: starting MTD    9 :::::::::::::
  |   MD simulation time   :     7.0 ps       |
  |   target T             :   300.0 K        |
  |   timestep dt          :     5.0 fs       |
  |   dump interval(trj)   :   100.0 fs       |
  |   SHAKE algorithm      : true (all bonds) |
  |   dump interval(Vbias) :    1.00 ps       |
  |   Vbias prefactor (k)  :  0.3000 Eh       |
  |   Vbias exponent (α)   :  0.6180 bohr⁻²   |
  ::::::::::::: starting MTD   11 :::::::::::::
  |   MD simulation time   :     7.0 ps       |
  |   target T             :   300.0 K        |
  |   timestep dt          :     5.0 fs       |
  |   dump interval(trj)   :   100.0 fs       |
  |   SHAKE algorithm      : true (all bonds) |
  |   dump interval(Vbias) :    1.00 ps       |
  |   Vbias prefactor (k)  :  0.0750 Eh       |
  |   Vbias exponent (α)   :  0.6180 bohr⁻²   |
  ::::::::::::: starting MTD    1 :::::::::::::
  |   MD simulation time   :     7.0 ps       |
  |   target T             :   300.0 K        |
  |   timestep dt          :     5.0 fs       |
  |   dump interval(trj)   :   100.0 fs       |
  |   SHAKE algorithm      : true (all bonds) |
  |   dump interval(Vbias) :    1.00 ps       |
  |   Vbias prefactor (k)  :  0.3000 Eh       |
  |   Vbias exponent (α)   :  1.6180 bohr⁻²   |
  ::::::::::::: starting MTD   20 :::::::::::::
  |   MD simulation time   :     7.0 ps       |
  |   target T             :   300.0 K        |
  |   timestep dt          :     5.0 fs       |
  |   dump interval(trj)   :   100.0 fs       |
  |   SHAKE algorithm      : true (all bonds) |
  |   dump interval(Vbias) :    1.00 ps       |
  |   Vbias prefactor (k)  :  0.0375 Eh       |
  |   Vbias exponent (α)   :  0.2361 bohr⁻²   |
  ::::::::::::: starting MTD   17 :::::::::::::
  |   MD simulation time   :     7.0 ps       |
  |   target T             :   300.0 K        |
  |   timestep dt          :     5.0 fs       |
  |   dump interval(trj)   :   100.0 fs       |
  |   SHAKE algorithm      : true (all bonds) |
  |   dump interval(Vbias) :    1.00 ps       |
  |   Vbias prefactor (k)  :  0.3000 Eh       |
  |   Vbias exponent (α)   :  0.2361 bohr⁻²   |
  ::::::::::::: starting MTD   13 :::::::::::::
  |   MD simulation time   :     7.0 ps       |
  |   target T             :   300.0 K        |
  |   timestep dt          :     5.0 fs       |
  |   dump interval(trj)   :   100.0 fs       |
  |   SHAKE algorithm      : true (all bonds) |
  |   dump interval(Vbias) :    1.00 ps       |
  |   Vbias prefactor (k)  :  0.3000 Eh       |
  |   Vbias exponent (α)   :  0.3820 bohr⁻²   |
  ::::::::::::: starting MTD    5 :::::::::::::
  |   MD simulation time   :     7.0 ps       |
  |   target T             :   300.0 K        |
  |   timestep dt          :     5.0 fs       |
  |   dump interval(trj)   :   100.0 fs       |
  |   SHAKE algorithm      : true (all bonds) |
  |   dump interval(Vbias) :    1.00 ps       |
  |   Vbias prefactor (k)  :  0.3000 Eh       |
  |   Vbias exponent (α)   :  1.0000 bohr⁻²   |
  ::::::::::::: starting MTD   23 :::::::::::::
  |   MD simulation time   :     7.0 ps       |
  |   target T             :   300.0 K        |
  |   timestep dt          :     5.0 fs       |
  |   dump interval(trj)   :   100.0 fs       |
  |   SHAKE algorithm      : true (all bonds) |
  |   dump interval(Vbias) :    1.00 ps       |
  |   Vbias prefactor (k)  :  0.0750 Eh       |
  |   Vbias exponent (α)   :  0.1459 bohr⁻²   |
  ::::::::::::: starting MTD   24 :::::::::::::
  |   MD simulation time   :     7.0 ps       |
  |   target T             :   300.0 K        |
  |   timestep dt          :     5.0 fs       |
  |   dump interval(trj)   :   100.0 fs       |
  |   SHAKE algorithm      : true (all bonds) |
  |   dump interval(Vbias) :    1.00 ps       |
  |   Vbias prefactor (k)  :  0.0375 Eh       |
  |   Vbias exponent (α)   :  0.1459 bohr⁻²   |
  ::::::::::::: starting MTD   22 :::::::::::::
  |   MD simulation time   :     7.0 ps       |
  |   target T             :   300.0 K        |
  |   timestep dt          :     5.0 fs       |
  |   dump interval(trj)   :   100.0 fs       |
  |   SHAKE algorithm      : true (all bonds) |
  |   dump interval(Vbias) :    1.00 ps       |
  |   Vbias prefactor (k)  :  0.1500 Eh       |
  |   Vbias exponent (α)   :  0.1459 bohr⁻²   |
  ::::::::::::: starting MTD    3 :::::::::::::
  |   MD simulation time   :     7.0 ps       |
  |   target T             :   300.0 K        |
  |   timestep dt          :     5.0 fs       |
  |   dump interval(trj)   :   100.0 fs       |
  |   SHAKE algorithm      : true (all bonds) |
  |   dump interval(Vbias) :    1.00 ps       |
  |   Vbias prefactor (k)  :  0.0750 Eh       |
  |   Vbias exponent (α)   :  1.6180 bohr⁻²   |
  ::::::::::::: starting MTD   19 :::::::::::::
  |   MD simulation time   :     7.0 ps       |
  |   target T             :   300.0 K        |
  |   timestep dt          :     5.0 fs       |
  |   dump interval(trj)   :   100.0 fs       |
  |   SHAKE algorithm      : true (all bonds) |
  |   dump interval(Vbias) :    1.00 ps       |
  |   Vbias prefactor (k)  :  0.0750 Eh       |
  |   Vbias exponent (α)   :  0.2361 bohr⁻²   |
  ::::::::::::: starting MTD   18 :::::::::::::
  |   MD simulation time   :     7.0 ps       |
  |   target T             :   300.0 K        |
  |   timestep dt          :     5.0 fs       |
  |   dump interval(trj)   :   100.0 fs       |
  |   SHAKE algorithm      : true (all bonds) |
  |   dump interval(Vbias) :    1.00 ps       |
  |   Vbias prefactor (k)  :  0.1500 Eh       |
  |   Vbias exponent (α)   :  0.2361 bohr⁻²   |
  ::::::::::::: starting MTD   21 :::::::::::::
  |   MD simulation time   :     7.0 ps       |
  |   target T             :   300.0 K        |
  |   timestep dt          :     5.0 fs       |
  |   dump interval(trj)   :   100.0 fs       |
  |   SHAKE algorithm      : true (all bonds) |
  |   dump interval(Vbias) :    1.00 ps       |
  |   Vbias prefactor (k)  :  0.3000 Eh       |
  |   Vbias exponent (α)   :  0.1459 bohr⁻²   |
  ::::::::::::: starting MTD    7 :::::::::::::
  |   MD simulation time   :     7.0 ps       |
  |   target T             :   300.0 K        |
  |   timestep dt          :     5.0 fs       |
  |   dump interval(trj)   :   100.0 fs       |
  |   SHAKE algorithm      : true (all bonds) |
  |   dump interval(Vbias) :    1.00 ps       |
  |   Vbias prefactor (k)  :  0.0750 Eh       |
  |   Vbias exponent (α)   :  1.0000 bohr⁻²   |
  ::::::::::::: starting MTD   15 :::::::::::::
  |   MD simulation time   :     7.0 ps       |
  |   target T             :   300.0 K        |
  |   timestep dt          :     5.0 fs       |
  |   dump interval(trj)   :   100.0 fs       |
  |   SHAKE algorithm      : true (all bonds) |
  |   dump interval(Vbias) :    1.00 ps       |
  |   Vbias prefactor (k)  :  0.0750 Eh       |
  |   Vbias exponent (α)   :  0.3820 bohr⁻²   |
*MTD  20 completed successfully ...        1 min,  9.769 sec
*MTD   1 completed successfully ...        1 min, 10.114 sec
  ::::::::::::: starting MTD    2 :::::::::::::
  |   MD simulation time   :     7.0 ps       |
  |   target T             :   300.0 K        |
  |   timestep dt          :     5.0 fs       |
  |   dump interval(trj)   :   100.0 fs       |
  |   SHAKE algorithm      : true (all bonds) |
  |   dump interval(Vbias) :    1.00 ps       |
  |   Vbias prefactor (k)  :  0.1500 Eh       |
  |   Vbias exponent (α)   :  1.6180 bohr⁻²   |
*MTD  15 completed successfully ...        1 min, 10.505 sec
  ::::::::::::: starting MTD   16 :::::::::::::
  |   MD simulation time   :     7.0 ps       |
  |   target T             :   300.0 K        |
  |   timestep dt          :     5.0 fs       |
  |   dump interval(trj)   :   100.0 fs       |
  |   SHAKE algorithm      : true (all bonds) |
  |   dump interval(Vbias) :    1.00 ps       |
  |   Vbias prefactor (k)  :  0.0375 Eh       |
  |   Vbias exponent (α)   :  0.3820 bohr⁻²   |
*MTD  18 completed successfully ...        1 min, 10.736 sec
*MTD   5 completed successfully ...        1 min, 10.751 sec
  ::::::::::::: starting MTD    6 :::::::::::::
  |   MD simulation time   :     7.0 ps       |
  |   target T             :   300.0 K        |
  |   timestep dt          :     5.0 fs       |
  |   dump interval(trj)   :   100.0 fs       |
  |   SHAKE algorithm      : true (all bonds) |
  |   dump interval(Vbias) :    1.00 ps       |
  |   Vbias prefactor (k)  :  0.1500 Eh       |
  |   Vbias exponent (α)   :  1.0000 bohr⁻²   |
*MTD  11 completed successfully ...        1 min, 10.840 sec
  ::::::::::::: starting MTD   12 :::::::::::::
  |   MD simulation time   :     7.0 ps       |
  |   target T             :   300.0 K        |
  |   timestep dt          :     5.0 fs       |
  |   dump interval(trj)   :   100.0 fs       |
  |   SHAKE algorithm      : true (all bonds) |
  |   dump interval(Vbias) :    1.00 ps       |
  |   Vbias prefactor (k)  :  0.0375 Eh       |
  |   Vbias exponent (α)   :  0.6180 bohr⁻²   |
*MTD  19 completed successfully ...        1 min, 10.949 sec
*MTD  24 completed successfully ...        1 min, 11.025 sec
*MTD   9 completed successfully ...        1 min, 11.185 sec
  ::::::::::::: starting MTD   10 :::::::::::::
  |   MD simulation time   :     7.0 ps       |
  |   target T             :   300.0 K        |
  |   timestep dt          :     5.0 fs       |
  |   dump interval(trj)   :   100.0 fs       |
  |   SHAKE algorithm      : true (all bonds) |
  |   dump interval(Vbias) :    1.00 ps       |
  |   Vbias prefactor (k)  :  0.1500 Eh       |
  |   Vbias exponent (α)   :  0.6180 bohr⁻²   |
*MTD   7 completed successfully ...        1 min, 11.198 sec
  ::::::::::::: starting MTD    8 :::::::::::::
  |   MD simulation time   :     7.0 ps       |
  |   target T             :   300.0 K        |
  |   timestep dt          :     5.0 fs       |
  |   dump interval(trj)   :   100.0 fs       |
  |   SHAKE algorithm      : true (all bonds) |
  |   dump interval(Vbias) :    1.00 ps       |
  |   Vbias prefactor (k)  :  0.0375 Eh       |
  |   Vbias exponent (α)   :  1.0000 bohr⁻²   |
*MTD  23 completed successfully ...        1 min, 11.372 sec
*MTD  13 completed successfully ...        1 min, 11.441 sec
  ::::::::::::: starting MTD   14 :::::::::::::
  |   MD simulation time   :     7.0 ps       |
  |   target T             :   300.0 K        |
  |   timestep dt          :     5.0 fs       |
  |   dump interval(trj)   :   100.0 fs       |
  |   SHAKE algorithm      : true (all bonds) |
  |   dump interval(Vbias) :    1.00 ps       |
  |   Vbias prefactor (k)  :  0.1500 Eh       |
  |   Vbias exponent (α)   :  0.3820 bohr⁻²   |
*MTD   3 completed successfully ...        1 min, 11.544 sec
  ::::::::::::: starting MTD    4 :::::::::::::
  |   MD simulation time   :     7.0 ps       |
  |   target T             :   300.0 K        |
  |   timestep dt          :     5.0 fs       |
  |   dump interval(trj)   :   100.0 fs       |
  |   SHAKE algorithm      : true (all bonds) |
  |   dump interval(Vbias) :    1.00 ps       |
  |   Vbias prefactor (k)  :  0.0375 Eh       |
  |   Vbias exponent (α)   :  1.6180 bohr⁻²   |
*MTD  22 completed successfully ...        1 min, 11.718 sec
*MTD  17 completed successfully ...        1 min, 12.626 sec
*MTD  21 completed successfully ...        1 min, 12.997 sec
*MTD   2 completed successfully ...        0 min, 46.862 sec
*MTD  16 completed successfully ...        0 min, 46.556 sec
*MTD  10 completed successfully ...        0 min, 46.407 sec
*MTD   8 completed successfully ...        0 min, 46.457 sec
*MTD  12 completed successfully ...        0 min, 46.864 sec
*MTD   6 completed successfully ...        0 min, 47.057 sec
*MTD  14 completed successfully ...        0 min, 46.393 sec
*MTD   4 completed successfully ...        0 min, 47.252 sec

 ======================================
 |  Multilevel Ensemble Optimization  |
 ======================================
 Optimizing all 1656 structures from file "crest_dynamics.trj" ...
 ----------------------
 crude pre-optimization
 ----------------------
 Optimization engine: ANCOPT
 Hessian update type: BFGS
 E/G convergence criteria:  0.500E-03 Eh, 0.100E-01 Eh/a0
 maximum optimization steps: 200
 |>0.1% |>7.5% |>15.0% |>22.5% |>30.0% |>37.5% |>45.0% |>52.5% |>60.0% |>67.5% |>75.0% |>82.5% |>90.0% |>97.5% |>100.0%
 done.
> 1656 of 1656 structures successfully optimized (100.0% success)
> Total runtime for 1656 optimizations:
 * wall-time:     0 d,  0 h,  1 min,  8.000 sec
 *  cpu-time:     0 d,  0 h, 17 min, 22.462 sec
 * ratio c/w:    15.330 speedup
> Corresponding to approximately 0.041 sec per processed structure

CREGEN> running RMSDs ... done.
CREGEN> E lowest :   -77.88329
 1612 structures remain within    12.00 kcal/mol window
 ----------------------------------
 optimization with tight thresholds
 ----------------------------------
 Optimization engine: ANCOPT
 Hessian update type: BFGS
 E/G convergence criteria:  0.100E-05 Eh, 0.800E-03 Eh/a0
 maximum optimization steps: 200
 |>0.1% |>7.5% |>15.0% |>22.5% |>30.0% |>37.5% |>45.0% |>52.5% |>60.0% |>67.6% |>75.0% |>82.5% |>90.0% |>97.5% |>100.0%
 done.
> 1612 of 1612 structures successfully optimized (100.0% success)
> Total runtime for 1612 optimizations:
 * wall-time:     0 d,  0 h,  3 min, 59.270 sec
 *  cpu-time:     0 d,  1 h,  1 min, 31.339 sec
 * ratio c/w:    15.427 speedup
> Corresponding to approximately 0.148 sec per processed structure

CREGEN> running RMSDs ... done.
CREGEN> E lowest :   -77.88362
 375 structures remain within     6.00 kcal/mol window

========================================
           MTD Simulations done         
========================================
 Collecting ensmbles.
CREGEN> running RMSDs ... done.
CREGEN> E lowest :   -77.88362
 375 structures remain within     6.00 kcal/mol window
     H(298.15K)-H(0) (conf)      0.276976
                   Cp(conf)      0.767740
                    S(conf)      5.562133

********************************************************************************
**                     I T E R A T I O N    C Y C L E      1                  **
********************************************************************************
 -------------------------------------------
 determining bias structures via PCA/k-Means
 -------------------------------------------

 3 structures were selected
 done.

 -----------------------------------------------
 determining MTD seed structures via PCA/k-Means
 -----------------------------------------------

 12 structures were selected
 done.


 ===========================================================
 Static MTDs (umbrella sampling) on 12 selected conformer(s)
 ===========================================================
> Using 3 constant RMSD bias potentials per MTD
  :::::::::: starting static MTD   1 ::::::::::
  |   MD simulation time   :     3.5 ps       |
  |   target T             :   400.0 K        |
  |   timestep dt          :     5.0 fs       |
  |   dump interval(trj)   :   100.0 fs       |
  |   SHAKE algorithm      : true (all bonds) |
  |   Vbias prefactor (k)  :  0.0028 Eh       |
  |   Vbias exponent (α)   :  1.0000 bohr⁻²   |
  :::::::::: starting static MTD   3 ::::::::::
  |   MD simulation time   :     3.5 ps       |
  |   target T             :   400.0 K        |
  |   timestep dt          :     5.0 fs       |
  |   dump interval(trj)   :   100.0 fs       |
  |   SHAKE algorithm      : true (all bonds) |
  |   Vbias prefactor (k)  :  0.0028 Eh       |
  |   Vbias exponent (α)   :  1.0000 bohr⁻²   |
  :::::::::: starting static MTD   4 ::::::::::
  |   MD simulation time   :     3.5 ps       |
  |   target T             :   400.0 K        |
  |   timestep dt          :     5.0 fs       |
  |   dump interval(trj)   :   100.0 fs       |
  |   SHAKE algorithm      : true (all bonds) |
  |   Vbias prefactor (k)  :  0.0028 Eh       |
  |   Vbias exponent (α)   :  1.0000 bohr⁻²   |
  :::::::::: starting static MTD   2 ::::::::::
  |   MD simulation time   :     3.5 ps       |
  |   target T             :   400.0 K        |
  |   timestep dt          :     5.0 fs       |
  |   dump interval(trj)   :   100.0 fs       |
  |   SHAKE algorithm      : true (all bonds) |
  |   Vbias prefactor (k)  :  0.0028 Eh       |
  |   Vbias exponent (α)   :  1.0000 bohr⁻²   |
  :::::::::: starting static MTD   5 ::::::::::
  |   MD simulation time   :     3.5 ps       |
  |   target T             :   400.0 K        |
  |   timestep dt          :     5.0 fs       |
  |   dump interval(trj)   :   100.0 fs       |
  |   SHAKE algorithm      : true (all bonds) |
  |   Vbias prefactor (k)  :  0.0028 Eh       |
  |   Vbias exponent (α)   :  1.0000 bohr⁻²   |
  :::::::::: starting static MTD   6 ::::::::::
  |   MD simulation time   :     3.5 ps       |
  |   target T             :   400.0 K        |
  |   timestep dt          :     5.0 fs       |
  |   dump interval(trj)   :   100.0 fs       |
  |   SHAKE algorithm      : true (all bonds) |
  |   Vbias prefactor (k)  :  0.0028 Eh       |
  |   Vbias exponent (α)   :  1.0000 bohr⁻²   |
  :::::::::: starting static MTD   8 ::::::::::
  |   MD simulation time   :     3.5 ps       |
  |   target T             :   400.0 K        |
  |   timestep dt          :     5.0 fs       |
  |   dump interval(trj)   :   100.0 fs       |
  |   SHAKE algorithm      : true (all bonds) |
  |   Vbias prefactor (k)  :  0.0028 Eh       |
  |   Vbias exponent (α)   :  1.0000 bohr⁻²   |
  :::::::::: starting static MTD  10 ::::::::::
  |   MD simulation time   :     3.5 ps       |
  |   target T             :   400.0 K        |
  |   timestep dt          :     5.0 fs       |
  |   dump interval(trj)   :   100.0 fs       |
  |   SHAKE algorithm      : true (all bonds) |
  |   Vbias prefactor (k)  :  0.0028 Eh       |
  |   Vbias exponent (α)   :  1.0000 bohr⁻²   |
  :::::::::: starting static MTD  11 ::::::::::
  |   MD simulation time   :     3.5 ps       |
  |   target T             :   400.0 K        |
  |   timestep dt          :     5.0 fs       |
  |   dump interval(trj)   :   100.0 fs       |
  |   SHAKE algorithm      : true (all bonds) |
  |   Vbias prefactor (k)  :  0.0028 Eh       |
  |   Vbias exponent (α)   :  1.0000 bohr⁻²   |
  :::::::::: starting static MTD   9 ::::::::::
  |   MD simulation time   :     3.5 ps       |
  |   target T             :   400.0 K        |
  |   timestep dt          :     5.0 fs       |
  |   dump interval(trj)   :   100.0 fs       |
  |   SHAKE algorithm      : true (all bonds) |
  |   Vbias prefactor (k)  :  0.0028 Eh       |
  |   Vbias exponent (α)   :  1.0000 bohr⁻²   |
  :::::::::: starting static MTD   7 ::::::::::
  |   MD simulation time   :     3.5 ps       |
  |   target T             :   400.0 K        |
  |   timestep dt          :     5.0 fs       |
  |   dump interval(trj)   :   100.0 fs       |
  |   SHAKE algorithm      : true (all bonds) |
  |   Vbias prefactor (k)  :  0.0028 Eh       |
  |   Vbias exponent (α)   :  1.0000 bohr⁻²   |
  :::::::::: starting static MTD  12 ::::::::::
  |   MD simulation time   :     3.5 ps       |
  |   target T             :   400.0 K        |
  |   timestep dt          :     5.0 fs       |
  |   dump interval(trj)   :   100.0 fs       |
  |   SHAKE algorithm      : true (all bonds) |
  |   Vbias prefactor (k)  :  0.0028 Eh       |
  |   Vbias exponent (α)   :  1.0000 bohr⁻²   |
*sMTD  10 completed successfully ...        0 min, 28.013 sec
*sMTD  12 completed successfully ...        0 min, 28.196 sec
*sMTD   7 completed successfully ...        0 min, 28.249 sec
*sMTD   1 completed successfully ...        0 min, 28.359 sec
*sMTD  11 completed successfully ...        0 min, 28.394 sec
*sMTD   6 completed successfully ...        0 min, 28.414 sec
*sMTD   5 completed successfully ...        0 min, 28.420 sec
*sMTD   3 completed successfully ...        0 min, 28.467 sec
*sMTD   2 completed successfully ...        0 min, 28.492 sec
*sMTD   9 completed successfully ...        0 min, 28.563 sec
*sMTD   8 completed successfully ...        0 min, 28.627 sec
*sMTD   4 completed successfully ...        0 min, 28.653 sec

 ======================================
 |  Multilevel Ensemble Optimization  |
 ======================================
 Optimizing all 408 structures from file "crest_rotamers_0.xyz" ...
 ----------------------
 crude pre-optimization
 ----------------------
 Optimization engine: ANCOPT
 Hessian update type: BFGS
 E/G convergence criteria:  0.500E-03 Eh, 0.100E-01 Eh/a0
 maximum optimization steps: 200
 |>0.2% |>10.0% |>20.1% |>30.1% |>40.2% |>50.0% |>60.0% |>70.1% |>80.1% |>90.2% |>100.0%
 done.
> 408 of 408 structures successfully optimized (100.0% success)
> Total runtime for 408 optimizations:
 * wall-time:     0 d,  0 h,  0 min, 10.828 sec
 *  cpu-time:     0 d,  0 h,  2 min, 41.351 sec
 * ratio c/w:    14.902 speedup
> Corresponding to approximately 0.027 sec per processed structure

CREGEN> running RMSDs ... done.
CREGEN> E lowest :   -77.88309
 398 structures remain within    12.00 kcal/mol window
 ---------------------------------------
 optimization with very tight thresholds
 ---------------------------------------
 Optimization engine: ANCOPT
 Hessian update type: BFGS
 E/G convergence criteria:  0.100E-06 Eh, 0.200E-03 Eh/a0
 maximum optimization steps: 200
 |>0.3% |>10.1% |>20.1% |>30.2% |>40.2% |>50.0% |>60.1% |>70.1% |>80.2% |>90.2% |>100.0%
 done.
> 398 of 398 structures successfully optimized (100.0% success)
> Total runtime for 398 optimizations:
 * wall-time:     0 d,  0 h,  1 min,  5.272 sec
 *  cpu-time:     0 d,  0 h, 16 min, 46.921 sec
 * ratio c/w:    15.427 speedup
> Corresponding to approximately 0.164 sec per processed structure

CREGEN> running RMSDs ... done.
CREGEN> E lowest :   -77.88362
 107 structures remain within     6.00 kcal/mol window
CREGEN> running RMSDs ... done.
CREGEN> E lowest :   -77.88362

 Static MTD simulation iteration 1 finished
 A total of 12 conformers (+ 0.00%) in crest_conformers.xyz
 S(approx.) =    4.185771 cal/molK (dS = 0.00%)
 Convergence w.r.t. conformers: T
 Convergence w.r.t. entropy   : T

     H(298.15K)-H(0) (conf)      0.281683
                   Cp(conf)      0.759227
                    S(conf)      5.562281


 --------------------------
 Final Ensemble Information
 --------------------------
 input  file name : crest_rotamers_2.xyz
 output file name : crest_rotamers_3.xyz
 number of atoms                :   40
 number of points on xyz files  :   482
 RMSD threshold                 :   0.1250
 Bconst threshold               :   0.0100
 population threshold           :   0.0500
 # fragment in coord            :     1
 # bonds in reference structure :    42
 number of reliable points      :   482
 sorting energy window (EWIN)   :    6.0000 / kcal*mol⁻¹
 reference state Etot           :  -77.883622529999997
 number of doubles removed by rot/RMSD         :          81
 total number unique points considered further :         401
       Erel/kcal        Etot weight/tot  conformer     set   degen     origin
       1   0.000   -77.88362    0.00415    0.56774       1     138
       2   0.144   -77.88339    0.00325    0.02552       2       8
       3   0.373   -77.88303    0.00221    0.36206       3     165
       4   0.387   -77.88301    0.00216    0.00216       4       1
       5   0.464   -77.88288    0.00190    0.00364       5       2
       6   0.518   -77.88280    0.00173    0.01207       6       7
       7   1.251   -77.88163    0.00050    0.02033       7      41
       8   1.337   -77.88149    0.00044    0.00044       8       1
       9   1.343   -77.88148    0.00043    0.00043       9       1
      10   1.352   -77.88147    0.00042    0.00042      10       1
      11   1.809   -77.88074    0.00020    0.00020      11       1
      12   1.994   -77.88045    0.00014    0.00499      12      35
T /K                                  :   298.15
E lowest                              :   -77.88362
ensemble average energy (kcal)        :    0.190
ensemble entropy (J/mol K, cal/mol K) :   48.270   11.537
ensemble free energy (kcal/mol)       :   -3.440
population of lowest in %             :   56.774
 number of unique conformers for further calc           12
 list of relative energies saved as "crest.energies"
 compare nuclear equivalencies ...
::::::::::: conformer group all :::::::::::
 chemical equivalencies (mag.active nuclei):
reference atom   5 # : 2
reference atom  13 # : 2
reference atom  14 # : 2
reference atom  21 # : 3
reference atom  31 # : 2
reference atom  32 # : 2
reference atom  34 # : 3
 magnetic equivalencies:
reference atom  21 # : 3
reference atom  34 # : 3

******************************************************************************************
**                           ENSEMBLE ENTROPY CALCULATION                               **
******************************************************************************************
======================================================
 Containing 12 conformers :
     H(298.15K)-H(0) (conf)      0.276976
                   Cp(conf)      0.767740
                    S(conf)      5.562133
======================================================
 Containing 12 conformers :
     H(298.15K)-H(0) (conf)      0.281683
                   Cp(conf)      0.759227
                    S(conf)      5.562281
======================================================

 --------------------------------------
 FINAL CALCULATION OF MOLECULAR ENTROPY
 --------------------------------------

WARNING: Not enough blocks for extrapolation.
         Taking full ensemble entropy instead.

FINAL ENTROPY (max conf.)  :      5.56228

 ----------------------------------
 Frequency Calculation and Averages
 ----------------------------------
 Nconf on file      : 12
 Taken for Hessians : 5 (= 91.06% total population)
 T range  /K    :   278.15   378.15
 scaling factor :          1.000000     
 rotor cutoff   :         25.000000 cm⁻¹
 imag. cutoff   :        -50.000000 cm⁻¹

 Running 5 calculations ...
 |>20.0% |>40.0% |>60.0% |>80.0% |>100.0%
 done.
 calculating averages for G and S ...    done.
 calculating Boltzmann weights ...       done.
 calculating reference S (bhess) ... > bhess not implemented for calculator routines
    done.
 calculating δSrrho ...                  done.

 Coordinates for the bhess reference structure (Ångström):
 -----------------------------------------------------------
  40

 S          4.7732307856        1.1287106362       -0.0105853617
 O          5.1509444247        1.7809589677        1.2536929412
 O          5.3595818025       -0.1428449088       -0.4646784630
 N          5.0220122760        2.2599927115       -1.2652917483
 H          5.4307905359        3.0956827640       -0.8663427943
 H          5.6529630521        1.8471248590       -1.9406340891
 C          2.9888521414        0.9357430748       -0.0075671547
 C          2.2204583177        1.7394548363        0.8181315533
 C          0.8477547897        1.5769902707        0.8320574677
 C          0.2619296396        0.6178063127        0.0165140947
 C          1.0377245484       -0.1732347749       -0.8216256889
 C          2.4110459820       -0.0194800397       -0.8268106968
 H          3.0305537780       -0.6384082908       -1.4579670659
 H          0.5712413640       -0.9027805343       -1.4643110802
 N         -1.1440674308        0.4654647359        0.0393460289
 C         -1.8851476870       -0.6896517537       -0.0256792277
 C         -3.2007428872       -0.2848931029       -0.0617619500
 C         -3.1545796510        1.1109599733        0.0059782423
 N         -1.9124838651        1.5704491893        0.0661688226
 C         -4.3022461977        2.0655036052       -0.0258246939
 F         -5.4613442872        1.4218976987        0.2588352231
 F         -4.4553829574        2.6330241036       -1.2485775009
 F         -4.1618406942        3.0699990191        0.8626777325
 H         -4.0663197732       -0.9210385434       -0.0718469982
 C         -1.3405858042       -2.0397906300        0.0328055229
 C         -0.3665026086       -2.3964157411        0.9661722572
 C          0.1201143964       -3.6881565897        1.0141435885
 C         -0.3498048155       -4.6723696001        0.1457938642
 C         -1.3280597488       -4.3126563509       -0.7761808276
 C         -1.8181677603       -3.0193038394       -0.8348833875
 H         -2.5639661510       -2.7576282991       -1.5733095324
 H         -1.7081315128       -5.0548905099       -1.4664950648
 C          0.1644888458       -6.0754005180        0.2257657771
 H         -0.0278676897       -6.6259418729       -0.6922162943
 H          1.2359727771       -6.0982825229        0.4164582086
 H         -0.3167628580       -6.6208139770        1.0392881870
 H          0.8769946508       -3.9409727866        1.7457703106
 H          0.0083086221       -1.6581321745        1.6609020617
 H          0.2229476670        2.1874542345        1.4653333660
 H          2.6956943226        2.4639907792        1.4619310875
 -----------------------------------------------------------
 as read from <coord>
 Heavy-atom RMSD between lowest conformer and this reference :
 RMSD(heavy) =        1.163154 Å

 msRRHO(bhess) reference entropies:
      278.15        153.841242
      288.15        156.904583
      298.15        159.952727
      308.15        162.985712
      318.15        166.003480
      328.15        169.005895
      338.15        171.992761
      348.15        174.963837
      358.15        177.918850
      368.15        180.857505
      378.15        183.779496

       T/K  |S(T)|/cal/molK       |G(T)|/Eh     G_lowest/Eh    (conf)
   -----------------------------------------------------------------
    278.15    0.165813E+03    0.229940E+00      -77.654079         1
    288.15    0.168851E+03    0.227344E+00      -77.656692         1
    298.15    0.171872E+03    0.224701E+00      -77.659352         1
    308.15    0.174878E+03    0.222009E+00      -77.662061         1
    318.15    0.177867E+03    0.219270E+00      -77.664817         1
    328.15    0.180841E+03    0.216483E+00      -77.667621         1
    338.15    0.183798E+03    0.213649E+00      -77.670473         1
    348.15    0.186740E+03    0.210768E+00      -77.673371         1
    358.15    0.189665E+03    0.207841E+00      -77.676316         1
    368.15    0.192574E+03    0.204867E+00      -77.679307         1
    378.15    0.195466E+03    0.201847E+00      -77.682345         1
   -----------------------------------------------------------------
   NOTE: if |G(T)| is the averaged contributrion to the free energy.
   |G(T)| used only for the higher-energetic structures (n > 5).
   All other structures use G(T) from the respective Hessian calculations.

 Quantities calculated on free energies:
       T/K          δSrrho           Cp(T)     [H(T)-H(0)]
   -------------------------------------------------------
    278.15    0.119721E+02    0.111705E+01        0.302734
    288.15    0.119463E+02    0.110303E+01        0.310762
    298.15    0.119195E+02    0.108959E+01        0.318618
    308.15    0.118919E+02    0.107662E+01        0.326310
    318.15    0.118636E+02    0.106407E+01        0.333845
    328.15    0.118348E+02    0.105186E+01        0.341232
    338.15    0.118055E+02    0.103997E+01        0.348476
    348.15    0.117760E+02    0.102836E+01        0.355583
    358.15    0.117462E+02    0.101702E+01        0.362559
    368.15    0.117164E+02    0.100591E+01        0.369407
    378.15    0.116864E+02    0.995034E+00        0.376134
   -------------------------------------------------------
   NOTE: δSrrho(T) = |S(T)| - Sref(T)

 ----------------------
 TEMPERATURE DEPENDENCE
 ----------------------

 Final CONFORMATIONAL quantities at given T:
       T/K        S(total)           Cp(T)     [H(T)-H(0)]        G(total)
   -----------------------------------------------------------------------
    278.15       17.461250        1.117048        0.302734       -4.554112
    288.15       17.473105        1.103032        0.310762       -4.724113
    298.15       17.481754        1.089588        0.318618       -4.893567
    308.15       17.487509        1.076623        0.326310       -5.062466
    318.15       17.490658        1.064066        0.333845       -5.230808
    328.15       17.491464        1.051863        0.341232       -5.398592
    338.15       17.490167        1.039972        0.348476       -5.565824
    348.15       17.486986        1.028365        0.355583       -5.732511
    358.15       17.482120        1.017016        0.362559       -5.898662
    368.15       17.475751        1.005910        0.369407       -6.064290
    378.15       17.468045        0.995034        0.376134       -6.229408
   -----------------------------------------------------------------------
   S and Cp in cal/mol*K; H and G in kcal/mol
   G(total) is the ensemble free energy (H-T*S) and S(total) = S(conf,extrapol.) + δSrrho

 ----------------------------------------------------
 |      FINAL MOLECULAR ENTROPY AT T= 298.15 K      |
 ----------------------------------------------------
     Sconf   =          5.562281
   + δSrrho  =         11.919473
 -----------------------------------------------------
 = S(total)  =         17.481754  (cal mol⁻¹ K⁻¹)

   H(T)-H(0) =          0.318618
   G         =         -5.212185   (-T*S)
 -----------------------------------------------------
 = G(total)  =         -4.893567  (H-T*S) (kcal mol⁻¹)

   Cp(total) =          1.089588  (cal mol⁻¹ K⁻¹)


 -----------------
 Wall Time Summary
 -----------------
 CREST runtime (total)               0 d,  0 h,  9 min, 11.293 sec
 ------------------------------------------------------------------
 Trial metadynamics (MTD)   ...        0 min,  6.026 sec (  1.093%)
 Metadynamics (MTD)         ...        1 min, 59.411 sec ( 21.660%)
 Geometry optimization      ...        6 min, 26.963 sec ( 70.192%)
 Static metadynamics (sMTD) ...        0 min, 28.682 sec (  5.203%)
 Conf. entropy evaluation   ...        0 min,  9.333 sec (  1.693%)
 I/O and setup              ...        0 min,  0.878 sec (  0.159%)
 ------------------------------------------------------------------
 * wall-time:     0 d,  0 h,  9 min, 11.293 sec
 *  cpu-time:     0 d,  2 h,  9 min, 40.321 sec
 * ratio c/w:    14.113 speedup
 ------------------------------------------------------------------
 * Total number of energy+grad calls: 206275

 CREST terminated normally.
