
       ╔════════════════════════════════════════════════╗
       ║                                                ║
       ║     ██████╗██████╗ ███████╗███████╗████████╗   ║
       ║    ██╔════╝██╔══██╗██╔════╝██╔════╝╚══██╔══╝   ║
       ║    ██║     ██████╔╝█████╗  ███████╗   ██║      ║
       ║    ██║     ██╔══██╗██╔══╝  ╚════██║   ██║      ║
       ║    ╚██████╗██║  ██║███████╗███████║   ██║      ║
       ║     ╚═════╝╚═╝  ╚═╝╚══════╝╚══════╝   ╚═╝      ║
       ║                                                ║
       ║    Conformer-Rotamer Ensemble Sampling Tool    ║
       ║            based on the xTB methods            ║
       ║                                                ║
       ╚════════════════════════════════════════════════╝
        Version 3.0.2, Mon, 29 September 16:25:59, 09/29/2025
        commit (c39758d) compiled by 'andrey@PC1'

   Cite work conducted with this code as

   • P.Pracht, F.Bohle, S.Grimme, PCCP, 2020, 22, 7169-7192.
   • S.Grimme, JCTC, 2019, 15, 2847-2862.
   • P.Pracht, S.Grimme, C.Bannwarth, F.Bohle, S.Ehlert,
     G.Feldmann, J.Gorges, M.Müller, T.Neudecker, C.Plett,
     S.Spicher, P.Steinbach, P.Wesołowski, F.Zeller,
     J. Chem. Phys., 2024, 160, 114110.

   for works involving QCG cite

   • S.Spicher, C.Plett, P.Pracht, A.Hansen, S.Grimme,
     JCTC, 2022, 18 (5), 3174-3189.
   • C.Plett, S. Grimme,
     Angew. Chem. Int. Ed. 2023, 62, e202214477.

   for works involving MECP screening cite

   • P.Pracht, C.Bannwarth, JCTC, 2022, 18 (10), 6370-6385.

   Original code
     P.Pracht, S.Grimme, Universität Bonn, MCTC
   with help from (alphabetical order):
     C.Bannwarth, F.Bohle, S.Ehlert, G.Feldmann, J.Gorges,
     S.Grimme, C.Plett, P.Pracht, S.Spicher, P.Steinbach,
     P.Wesolowski, F.Zeller

   Online documentation is available at
   https://crest-lab.github.io/crest-docs/

   This program is distributed in the hope that it will be useful,
   but WITHOUT ANY WARRANTY; without even the implied warranty of
   MERCHANTABILITY or FITNESS FOR A PARTICULAR PURPOSE. See the
   GNU Lesser General Public License (LGPL) for more details.

 Command line input:
 $ ./crest m1_00_Tenofovir-GitHubGFN2.xyz --T 16 --entropy --GFN2

  --T 16 (CPUs/Threads selected)
  --entropy : enhanced ensemble entropy calculation

> Setting up backup calculator ... done.
 ----------------
 Calculation info
 ----------------
> User-defined calculation level:
 : xTB calculation via tblite lib
 : GFN2-xTB level
 :   Molecular charge    : 0
 :   Fermi temperature   : 300.00000
 :   Accuracy            : 1.00000
 :   max SCC cycles      : 500


 -----------------------------
 Initial Geometry Optimization
 -----------------------------
 Geometry successfully optimized.

          ┍━━━━━━━━━━━━━━━━━━━━━━━━━━━━━━━━━━━━━━━━━━━━━━━━━┑
          │              CREST ENTROPY SAMPLING             │
          ┕━━━━━━━━━━━━━━━━━━━━━━━━━━━━━━━━━━━━━━━━━━━━━━━━━┙

 please cite:
 • P.Pracht, S.Grimme, Chem. Sci., 2021, 12, 6551-6568.
 • J.Gorges, S.Grimme, A.Hansen, P.Pracht, PCCP, 2022,24, 12249-12259.

 Input structure:
  33

 P          2.8704728639       -0.6670115297       -0.1576265265
 O          3.2972418434        0.2474530930       -1.2307277154
 O          1.7946541398       -1.7368906741       -0.5777490926
 H          0.8222075470       -1.4955755227       -0.4614825679
 O          4.0884702571       -1.5649753570        0.3763945007
 H          4.7655803125       -1.5742881882       -0.3009628838
 C          2.2831658717        0.1120859432        1.4153773825
 O          1.0895805610        0.8230777786        1.2442019062
 C          1.1644328840        1.9290608632        0.3533278153
 C          0.5483543769        3.1432517529        1.0447892262
 H          0.5844430148        4.0104065305        0.3912217217
 H          1.0995135269        3.3644671472        1.9548428052
 H         -0.4838772596        2.9348271915        1.3156100504
 H          2.2106626442        2.1339834914        0.0997679858
 C          0.4380232756        1.5925815215       -0.9673136443
 N         -0.9267209166        1.2105910154       -0.7372092180
 C         -1.3905450958       -0.0163900974       -0.3753205959
 N         -0.7448550669       -1.1825966062       -0.2634738708
 C         -1.5288166406       -2.1842851411        0.1015010911
 N         -2.8231383595       -2.1587057834        0.3480822550
 C         -3.4892166750       -1.0043844762        0.2284259712
 N         -4.8071201517       -0.9918304881        0.4730890093
 H         -5.2647974820       -1.8456765463        0.7365983321
 H         -5.3162536209       -0.1317730044        0.3823147514
 C         -2.7706944823        0.1428493939       -0.1515917398
 N         -3.1237146282        1.4487698360       -0.3716797227
 C         -2.0151905807        2.0366298105       -0.7048655397
 H         -1.9442380178        3.0766807037       -0.9571666915
 H         -1.0458663429       -3.1459314127        0.2077879912
 H          0.9607516742        0.7708515597       -1.4600706484
 H          0.4565043992        2.4683721618       -1.6194567914
 H          2.0737480825       -0.6785807640        2.1362300327
 H          3.0827083147        0.7532229927        1.8080520900

 ------------------------------------------------
 Generating MTD length from a flexibility measure
 ------------------------------------------------
 Calculating GFN0-xTB WBOs   ... done.
 Calculating NCI flexibility ... done.
     covalent flexibility measure :   0.437
 non-covalent flexibility measure :   0.344
 flexibility measure :   0.332
 t(MTD) / ps    :    12.0
 Σ(t(MTD)) / ps :   288.0 (24 MTDs)

 -----------------------------------
 Starting trial MTD to test settings
 -----------------------------------
 Trial MTD 1 runtime (1.0 ps) ...        0 min,  3.894 sec
 Estimated runtime for one MTD (12.0 ps) on a single thread: 47 sec
 Estimated runtime for a batch of 24 MTDs on 16 threads: 1 min 33 sec

********************************************************************************
**                    N E W   I T E R A T I O N  C Y C L E                    **
********************************************************************************

 ------------------------------
 Meta-Dynamics Iteration 1
 ------------------------------
 list of applied metadynamics Vbias parameters:
$metadyn    0.24750   1.618
$metadyn    0.12375   1.618
$metadyn    0.06187   1.618
$metadyn    0.03094   1.618
$metadyn    0.24750   1.000
$metadyn    0.12375   1.000
$metadyn    0.06187   1.000
$metadyn    0.03094   1.000
$metadyn    0.24750   0.618
$metadyn    0.12375   0.618
$metadyn    0.06187   0.618
$metadyn    0.03094   0.618
$metadyn    0.24750   0.382
$metadyn    0.12375   0.382
$metadyn    0.06187   0.382
$metadyn    0.03094   0.382
$metadyn    0.24750   0.236
$metadyn    0.12375   0.236
$metadyn    0.06187   0.236
$metadyn    0.03094   0.236
$metadyn    0.24750   0.146
$metadyn    0.12375   0.146
$metadyn    0.06187   0.146
$metadyn    0.03094   0.146

  ::::::::::::: starting MTD    7 :::::::::::::
  |   MD simulation time   :    12.0 ps       |
  |   target T             :   300.0 K        |
  |   timestep dt          :     5.0 fs       |
  |   dump interval(trj)   :   100.0 fs       |
  |   SHAKE algorithm      : true (all bonds) |
  |   dump interval(Vbias) :    1.00 ps       |
  |   Vbias prefactor (k)  :  0.0619 Eh       |
  |   Vbias exponent (α)   :  1.0000 bohr⁻²   |
  ::::::::::::: starting MTD   13 :::::::::::::
  |   MD simulation time   :    12.0 ps       |
  |   target T             :   300.0 K        |
  |   timestep dt          :     5.0 fs       |
  |   dump interval(trj)   :   100.0 fs       |
  |   SHAKE algorithm      : true (all bonds) |
  |   dump interval(Vbias) :    1.00 ps       |
  |   Vbias prefactor (k)  :  0.2475 Eh       |
  |   Vbias exponent (α)   :  0.3820 bohr⁻²   |
  ::::::::::::: starting MTD   18 :::::::::::::
  |   MD simulation time   :    12.0 ps       |
  |   target T             :   300.0 K        |
  |   timestep dt          :     5.0 fs       |
  |   dump interval(trj)   :   100.0 fs       |
  |   SHAKE algorithm      : true (all bonds) |
  |   dump interval(Vbias) :    1.00 ps       |
  |   Vbias prefactor (k)  :  0.1237 Eh       |
  |   Vbias exponent (α)   :  0.2361 bohr⁻²   |
  ::::::::::::: starting MTD   23 :::::::::::::
  |   MD simulation time   :    12.0 ps       |
  |   target T             :   300.0 K        |
  |   timestep dt          :     5.0 fs       |
  |   dump interval(trj)   :   100.0 fs       |
  |   SHAKE algorithm      : true (all bonds) |
  |   dump interval(Vbias) :    1.00 ps       |
  |   Vbias prefactor (k)  :  0.0619 Eh       |
  |   Vbias exponent (α)   :  0.1459 bohr⁻²   |
  ::::::::::::: starting MTD   17 :::::::::::::
  |   MD simulation time   :    12.0 ps       |
  |   target T             :   300.0 K        |
  |   timestep dt          :     5.0 fs       |
  |   dump interval(trj)   :   100.0 fs       |
  |   SHAKE algorithm      : true (all bonds) |
  |   dump interval(Vbias) :    1.00 ps       |
  |   Vbias prefactor (k)  :  0.2475 Eh       |
  |   Vbias exponent (α)   :  0.2361 bohr⁻²   |
  ::::::::::::: starting MTD   20 :::::::::::::
  |   MD simulation time   :    12.0 ps       |
  |   target T             :   300.0 K        |
  |   timestep dt          :     5.0 fs       |
  |   dump interval(trj)   :   100.0 fs       |
  |   SHAKE algorithm      : true (all bonds) |
  |   dump interval(Vbias) :    1.00 ps       |
  |   Vbias prefactor (k)  :  0.0309 Eh       |
  |   Vbias exponent (α)   :  0.2361 bohr⁻²   |
  ::::::::::::: starting MTD    3 :::::::::::::
  |   MD simulation time   :    12.0 ps       |
  |   target T             :   300.0 K        |
  |   timestep dt          :     5.0 fs       |
  |   dump interval(trj)   :   100.0 fs       |
  |   SHAKE algorithm      : true (all bonds) |
  |   dump interval(Vbias) :    1.00 ps       |
  |   Vbias prefactor (k)  :  0.0619 Eh       |
  |   Vbias exponent (α)   :  1.6180 bohr⁻²   |
  ::::::::::::: starting MTD   22 :::::::::::::
  |   MD simulation time   :    12.0 ps       |
  |   target T             :   300.0 K        |
  |   timestep dt          :     5.0 fs       |
  |   dump interval(trj)   :   100.0 fs       |
  |   SHAKE algorithm      : true (all bonds) |
  |   dump interval(Vbias) :    1.00 ps       |
  |   Vbias prefactor (k)  :  0.1237 Eh       |
  |   Vbias exponent (α)   :  0.1459 bohr⁻²   |
  ::::::::::::: starting MTD    1 :::::::::::::
  |   MD simulation time   :    12.0 ps       |
  |   target T             :   300.0 K        |
  |   timestep dt          :     5.0 fs       |
  |   dump interval(trj)   :   100.0 fs       |
  |   SHAKE algorithm      : true (all bonds) |
  |   dump interval(Vbias) :    1.00 ps       |
  |   Vbias prefactor (k)  :  0.2475 Eh       |
  |   Vbias exponent (α)   :  1.6180 bohr⁻²   |
  ::::::::::::: starting MTD    5 :::::::::::::
  |   MD simulation time   :    12.0 ps       |
  |   target T             :   300.0 K        |
  |   timestep dt          :     5.0 fs       |
  |   dump interval(trj)   :   100.0 fs       |
  |   SHAKE algorithm      : true (all bonds) |
  |   dump interval(Vbias) :    1.00 ps       |
  |   Vbias prefactor (k)  :  0.2475 Eh       |
  |   Vbias exponent (α)   :  1.0000 bohr⁻²   |
  ::::::::::::: starting MTD   11 :::::::::::::
  |   MD simulation time   :    12.0 ps       |
  |   target T             :   300.0 K        |
  |   timestep dt          :     5.0 fs       |
  |   dump interval(trj)   :   100.0 fs       |
  |   SHAKE algorithm      : true (all bonds) |
  |   dump interval(Vbias) :    1.00 ps       |
  |   Vbias prefactor (k)  :  0.0619 Eh       |
  |   Vbias exponent (α)   :  0.6180 bohr⁻²   |
  ::::::::::::: starting MTD    9 :::::::::::::
  |   MD simulation time   :    12.0 ps       |
  |   target T             :   300.0 K        |
  |   timestep dt          :     5.0 fs       |
  |   dump interval(trj)   :   100.0 fs       |
  |   SHAKE algorithm      : true (all bonds) |
  |   dump interval(Vbias) :    1.00 ps       |
  |   Vbias prefactor (k)  :  0.2475 Eh       |
  |   Vbias exponent (α)   :  0.6180 bohr⁻²   |
  ::::::::::::: starting MTD   24 :::::::::::::
  |   MD simulation time   :    12.0 ps       |
  |   target T             :   300.0 K        |
  |   timestep dt          :     5.0 fs       |
  |   dump interval(trj)   :   100.0 fs       |
  |   SHAKE algorithm      : true (all bonds) |
  |   dump interval(Vbias) :    1.00 ps       |
  |   Vbias prefactor (k)  :  0.0309 Eh       |
  |   Vbias exponent (α)   :  0.1459 bohr⁻²   |
  ::::::::::::: starting MTD   15 :::::::::::::
  |   MD simulation time   :    12.0 ps       |
  |   target T             :   300.0 K        |
  |   timestep dt          :     5.0 fs       |
  |   dump interval(trj)   :   100.0 fs       |
  |   SHAKE algorithm      : true (all bonds) |
  |   dump interval(Vbias) :    1.00 ps       |
  |   Vbias prefactor (k)  :  0.0619 Eh       |
  |   Vbias exponent (α)   :  0.3820 bohr⁻²   |
  ::::::::::::: starting MTD   19 :::::::::::::
  |   MD simulation time   :    12.0 ps       |
  |   target T             :   300.0 K        |
  |   timestep dt          :     5.0 fs       |
  |   dump interval(trj)   :   100.0 fs       |
  |   SHAKE algorithm      : true (all bonds) |
  |   dump interval(Vbias) :    1.00 ps       |
  |   Vbias prefactor (k)  :  0.0619 Eh       |
  |   Vbias exponent (α)   :  0.2361 bohr⁻²   |
  ::::::::::::: starting MTD   21 :::::::::::::
  |   MD simulation time   :    12.0 ps       |
  |   target T             :   300.0 K        |
  |   timestep dt          :     5.0 fs       |
  |   dump interval(trj)   :   100.0 fs       |
  |   SHAKE algorithm      : true (all bonds) |
  |   dump interval(Vbias) :    1.00 ps       |
  |   Vbias prefactor (k)  :  0.2475 Eh       |
  |   Vbias exponent (α)   :  0.1459 bohr⁻²   |
*MTD  20 completed successfully ...        1 min, 28.535 sec
*MTD  19 completed successfully ...        1 min, 28.632 sec
*MTD  11 completed successfully ...        1 min, 28.651 sec
  ::::::::::::: starting MTD   12 :::::::::::::
  |   MD simulation time   :    12.0 ps       |
  |   target T             :   300.0 K        |
  |   timestep dt          :     5.0 fs       |
  |   dump interval(trj)   :   100.0 fs       |
  |   SHAKE algorithm      : true (all bonds) |
  |   dump interval(Vbias) :    1.00 ps       |
  |   Vbias prefactor (k)  :  0.0309 Eh       |
  |   Vbias exponent (α)   :  0.6180 bohr⁻²   |
*MTD   5 completed successfully ...        1 min, 28.652 sec
  ::::::::::::: starting MTD    6 :::::::::::::
  |   MD simulation time   :    12.0 ps       |
  |   target T             :   300.0 K        |
  |   timestep dt          :     5.0 fs       |
  |   dump interval(trj)   :   100.0 fs       |
  |   SHAKE algorithm      : true (all bonds) |
  |   dump interval(Vbias) :    1.00 ps       |
  |   Vbias prefactor (k)  :  0.1237 Eh       |
  |   Vbias exponent (α)   :  1.0000 bohr⁻²   |
*MTD   7 completed successfully ...        1 min, 28.755 sec
  ::::::::::::: starting MTD    8 :::::::::::::
  |   MD simulation time   :    12.0 ps       |
  |   target T             :   300.0 K        |
  |   timestep dt          :     5.0 fs       |
  |   dump interval(trj)   :   100.0 fs       |
  |   SHAKE algorithm      : true (all bonds) |
  |   dump interval(Vbias) :    1.00 ps       |
  |   Vbias prefactor (k)  :  0.0309 Eh       |
  |   Vbias exponent (α)   :  1.0000 bohr⁻²   |
*MTD   9 completed successfully ...        1 min, 28.916 sec
  ::::::::::::: starting MTD   10 :::::::::::::
  |   MD simulation time   :    12.0 ps       |
  |   target T             :   300.0 K        |
  |   timestep dt          :     5.0 fs       |
  |   dump interval(trj)   :   100.0 fs       |
  |   SHAKE algorithm      : true (all bonds) |
  |   dump interval(Vbias) :    1.00 ps       |
  |   Vbias prefactor (k)  :  0.1237 Eh       |
  |   Vbias exponent (α)   :  0.6180 bohr⁻²   |
*MTD  24 completed successfully ...        1 min, 28.918 sec
*MTD  15 completed successfully ...        1 min, 28.945 sec
  ::::::::::::: starting MTD   16 :::::::::::::
  |   MD simulation time   :    12.0 ps       |
  |   target T             :   300.0 K        |
  |   timestep dt          :     5.0 fs       |
  |   dump interval(trj)   :   100.0 fs       |
  |   SHAKE algorithm      : true (all bonds) |
  |   dump interval(Vbias) :    1.00 ps       |
  |   Vbias prefactor (k)  :  0.0309 Eh       |
  |   Vbias exponent (α)   :  0.3820 bohr⁻²   |
*MTD  18 completed successfully ...        1 min, 29.037 sec
*MTD  23 completed successfully ...        1 min, 29.136 sec
*MTD   1 completed successfully ...        1 min, 29.157 sec
  ::::::::::::: starting MTD    2 :::::::::::::
  |   MD simulation time   :    12.0 ps       |
  |   target T             :   300.0 K        |
  |   timestep dt          :     5.0 fs       |
  |   dump interval(trj)   :   100.0 fs       |
  |   SHAKE algorithm      : true (all bonds) |
  |   dump interval(Vbias) :    1.00 ps       |
  |   Vbias prefactor (k)  :  0.1237 Eh       |
  |   Vbias exponent (α)   :  1.6180 bohr⁻²   |
*MTD  13 completed successfully ...        1 min, 29.163 sec
  ::::::::::::: starting MTD   14 :::::::::::::
  |   MD simulation time   :    12.0 ps       |
  |   target T             :   300.0 K        |
  |   timestep dt          :     5.0 fs       |
  |   dump interval(trj)   :   100.0 fs       |
  |   SHAKE algorithm      : true (all bonds) |
  |   dump interval(Vbias) :    1.00 ps       |
  |   Vbias prefactor (k)  :  0.1237 Eh       |
  |   Vbias exponent (α)   :  0.3820 bohr⁻²   |
*MTD  22 completed successfully ...        1 min, 29.535 sec
*MTD  17 completed successfully ...        1 min, 29.613 sec
*MTD   3 completed successfully ...        1 min, 29.694 sec
  ::::::::::::: starting MTD    4 :::::::::::::
  |   MD simulation time   :    12.0 ps       |
  |   target T             :   300.0 K        |
  |   timestep dt          :     5.0 fs       |
  |   dump interval(trj)   :   100.0 fs       |
  |   SHAKE algorithm      : true (all bonds) |
  |   dump interval(Vbias) :    1.00 ps       |
  |   Vbias prefactor (k)  :  0.0309 Eh       |
  |   Vbias exponent (α)   :  1.6180 bohr⁻²   |
*MTD  21 completed successfully ...        1 min, 30.090 sec
*MTD   6 completed successfully ...        0 min, 51.659 sec
*MTD   8 completed successfully ...        0 min, 52.005 sec
*MTD  12 completed successfully ...        0 min, 52.160 sec
*MTD  16 completed successfully ...        0 min, 52.152 sec
*MTD  10 completed successfully ...        0 min, 52.213 sec
*MTD   2 completed successfully ...        0 min, 52.009 sec
*MTD  14 completed successfully ...        0 min, 52.048 sec
*MTD   4 completed successfully ...        0 min, 52.107 sec

 ======================================
 |  Multilevel Ensemble Optimization  |
 ======================================
 Optimizing all 2856 structures from file "crest_dynamics.trj" ...
 ----------------------
 crude pre-optimization
 ----------------------
 Optimization engine: ANCOPT
 Hessian update type: BFGS
 E/G convergence criteria:  0.500E-03 Eh, 0.100E-01 Eh/a0
 maximum optimization steps: 200
 |>0.0% |>7.5% |>15.0% |>22.5% |>30.0% |>37.5% |>45.0% |>52.5% |>60.0% |>67.5% |>75.0% |>82.5% |>90.0% |>97.5% |>100.0%
 done.
> 2856 of 2856 structures successfully optimized (100.0% success)
> Total runtime for 2856 optimizations:
 * wall-time:     0 d,  0 h,  1 min, 30.472 sec
 *  cpu-time:     0 d,  0 h, 22 min, 47.912 sec
 * ratio c/w:    15.120 speedup
> Corresponding to approximately 0.032 sec per processed structure

CREGEN> number of topology-based structure removals: 3
CREGEN> running RMSDs ... done.
CREGEN> E lowest :   -59.99239
 1794 structures remain within    12.00 kcal/mol window
 ----------------------------------
 optimization with tight thresholds
 ----------------------------------
 Optimization engine: ANCOPT
 Hessian update type: BFGS
 E/G convergence criteria:  0.100E-05 Eh, 0.800E-03 Eh/a0
 maximum optimization steps: 200
 |>0.1% |>7.5% |>15.1% |>22.5% |>30.0% |>37.5% |>45.0% |>52.5% |>60.0% |>67.5% |>75.0% |>82.6% |>90.0% |>97.5% |>100.0%
 done.
> 1783 of 1794 structures successfully optimized (99.4% success)
> Total runtime for 1794 optimizations:
 * wall-time:     0 d,  0 h,  3 min,  9.934 sec
 *  cpu-time:     0 d,  0 h, 48 min, 11.162 sec
 * ratio c/w:    15.222 speedup
> Corresponding to approximately 0.106 sec per processed structure

CREGEN> number of topology-based structure removals: 1
CREGEN> running RMSDs ... done.
CREGEN> E lowest :   -59.99254
 114 structures remain within     6.00 kcal/mol window

========================================
           MTD Simulations done         
========================================
 Collecting ensmbles.
CREGEN> running RMSDs ... done.
CREGEN> E lowest :   -59.99254
 114 structures remain within     6.00 kcal/mol window
     H(298.15K)-H(0) (conf)      0.722727
                   Cp(conf)      2.643588
                    S(conf)      4.646967

********************************************************************************
**                     I T E R A T I O N    C Y C L E      1                  **
********************************************************************************
 -------------------------------------------
 determining bias structures via PCA/k-Means
 -------------------------------------------

 4 structures were selected
 done.

 -----------------------------------------------
 determining MTD seed structures via PCA/k-Means
 -----------------------------------------------

 36 structures were selected
 done.


 ===========================================================
 Static MTDs (umbrella sampling) on 36 selected conformer(s)
 ===========================================================
> Using 4 constant RMSD bias potentials per MTD
  :::::::::: starting static MTD   1 ::::::::::
  |   MD simulation time   :     6.0 ps       |
  |   target T             :   400.0 K        |
  |   timestep dt          :     5.0 fs       |
  |   dump interval(trj)   :   100.0 fs       |
  |   SHAKE algorithm      : true (all bonds) |
  |   Vbias prefactor (k)  :  0.0021 Eh       |
  |   Vbias exponent (α)   :  1.0000 bohr⁻²   |
  :::::::::: starting static MTD   5 ::::::::::
  |   MD simulation time   :     6.0 ps       |
  |   target T             :   400.0 K        |
  |   timestep dt          :     5.0 fs       |
  |   dump interval(trj)   :   100.0 fs       |
  |   SHAKE algorithm      : true (all bonds) |
  |   Vbias prefactor (k)  :  0.0021 Eh       |
  |   Vbias exponent (α)   :  1.0000 bohr⁻²   |
  :::::::::: starting static MTD   4 ::::::::::
  |   MD simulation time   :     6.0 ps       |
  |   target T             :   400.0 K        |
  |   timestep dt          :     5.0 fs       |
  |   dump interval(trj)   :   100.0 fs       |
  |   SHAKE algorithm      : true (all bonds) |
  |   Vbias prefactor (k)  :  0.0021 Eh       |
  |   Vbias exponent (α)   :  1.0000 bohr⁻²   |
  :::::::::: starting static MTD  13 ::::::::::
  |   MD simulation time   :     6.0 ps       |
  |   target T             :   400.0 K        |
  |   timestep dt          :     5.0 fs       |
  |   dump interval(trj)   :   100.0 fs       |
  |   SHAKE algorithm      : true (all bonds) |
  |   Vbias prefactor (k)  :  0.0021 Eh       |
  |   Vbias exponent (α)   :  1.0000 bohr⁻²   |
  :::::::::: starting static MTD  11 ::::::::::
  |   MD simulation time   :     6.0 ps       |
  |   target T             :   400.0 K        |
  |   timestep dt          :     5.0 fs       |
  |   dump interval(trj)   :   100.0 fs       |
  |   SHAKE algorithm      : true (all bonds) |
  |   Vbias prefactor (k)  :  0.0021 Eh       |
  |   Vbias exponent (α)   :  1.0000 bohr⁻²   |
  :::::::::: starting static MTD  10 ::::::::::
  |   MD simulation time   :     6.0 ps       |
  |   target T             :   400.0 K        |
  |   timestep dt          :     5.0 fs       |
  |   dump interval(trj)   :   100.0 fs       |
  |   SHAKE algorithm      : true (all bonds) |
  |   Vbias prefactor (k)  :  0.0021 Eh       |
  |   Vbias exponent (α)   :  1.0000 bohr⁻²   |
  :::::::::: starting static MTD  12 ::::::::::
  |   MD simulation time   :     6.0 ps       |
  |   target T             :   400.0 K        |
  |   timestep dt          :     5.0 fs       |
  |   dump interval(trj)   :   100.0 fs       |
  |   SHAKE algorithm      : true (all bonds) |
  |   Vbias prefactor (k)  :  0.0021 Eh       |
  |   Vbias exponent (α)   :  1.0000 bohr⁻²   |
  :::::::::: starting static MTD  14 ::::::::::
  |   MD simulation time   :     6.0 ps       |
  |   target T             :   400.0 K        |
  |   timestep dt          :     5.0 fs       |
  |   dump interval(trj)   :   100.0 fs       |
  |   SHAKE algorithm      : true (all bonds) |
  |   Vbias prefactor (k)  :  0.0021 Eh       |
  |   Vbias exponent (α)   :  1.0000 bohr⁻²   |
  :::::::::: starting static MTD   3 ::::::::::
  |   MD simulation time   :     6.0 ps       |
  |   target T             :   400.0 K        |
  |   timestep dt          :     5.0 fs       |
  |   dump interval(trj)   :   100.0 fs       |
  |   SHAKE algorithm      : true (all bonds) |
  |   Vbias prefactor (k)  :  0.0021 Eh       |
  |   Vbias exponent (α)   :  1.0000 bohr⁻²   |
  :::::::::: starting static MTD  15 ::::::::::
  |   MD simulation time   :     6.0 ps       |
  |   target T             :   400.0 K        |
  |   timestep dt          :     5.0 fs       |
  |   dump interval(trj)   :   100.0 fs       |
  |   SHAKE algorithm      : true (all bonds) |
  |   Vbias prefactor (k)  :  0.0021 Eh       |
  |   Vbias exponent (α)   :  1.0000 bohr⁻²   |
  :::::::::: starting static MTD   8 ::::::::::
  |   MD simulation time   :     6.0 ps       |
  |   target T             :   400.0 K        |
  |   timestep dt          :     5.0 fs       |
  |   dump interval(trj)   :   100.0 fs       |
  |   SHAKE algorithm      : true (all bonds) |
  |   Vbias prefactor (k)  :  0.0021 Eh       |
  |   Vbias exponent (α)   :  1.0000 bohr⁻²   |
  :::::::::: starting static MTD  36 ::::::::::
  |   MD simulation time   :     6.0 ps       |
  |   target T             :   400.0 K        |
  |   timestep dt          :     5.0 fs       |
  |   dump interval(trj)   :   100.0 fs       |
  |   SHAKE algorithm      : true (all bonds) |
  |   Vbias prefactor (k)  :  0.0021 Eh       |
  |   Vbias exponent (α)   :  1.0000 bohr⁻²   |
  :::::::::: starting static MTD   6 ::::::::::
  |   MD simulation time   :     6.0 ps       |
  |   target T             :   400.0 K        |
  |   timestep dt          :     5.0 fs       |
  |   dump interval(trj)   :   100.0 fs       |
  |   SHAKE algorithm      : true (all bonds) |
  |   Vbias prefactor (k)  :  0.0021 Eh       |
  |   Vbias exponent (α)   :  1.0000 bohr⁻²   |
  :::::::::: starting static MTD   7 ::::::::::
  |   MD simulation time   :     6.0 ps       |
  |   target T             :   400.0 K        |
  |   timestep dt          :     5.0 fs       |
  |   dump interval(trj)   :   100.0 fs       |
  |   SHAKE algorithm      : true (all bonds) |
  |   Vbias prefactor (k)  :  0.0021 Eh       |
  |   Vbias exponent (α)   :  1.0000 bohr⁻²   |
  :::::::::: starting static MTD   2 ::::::::::
  |   MD simulation time   :     6.0 ps       |
  |   target T             :   400.0 K        |
  |   timestep dt          :     5.0 fs       |
  |   dump interval(trj)   :   100.0 fs       |
  |   SHAKE algorithm      : true (all bonds) |
  |   Vbias prefactor (k)  :  0.0021 Eh       |
  |   Vbias exponent (α)   :  1.0000 bohr⁻²   |
  :::::::::: starting static MTD   9 ::::::::::
  |   MD simulation time   :     6.0 ps       |
  |   target T             :   400.0 K        |
  |   timestep dt          :     5.0 fs       |
  |   dump interval(trj)   :   100.0 fs       |
  |   SHAKE algorithm      : true (all bonds) |
  |   Vbias prefactor (k)  :  0.0021 Eh       |
  |   Vbias exponent (α)   :  1.0000 bohr⁻²   |
*sMTD   6 completed successfully ...        0 min, 44.647 sec
  :::::::::: starting static MTD  16 ::::::::::
  |   MD simulation time   :     6.0 ps       |
  |   target T             :   400.0 K        |
  |   timestep dt          :     5.0 fs       |
  |   dump interval(trj)   :   100.0 fs       |
  |   SHAKE algorithm      : true (all bonds) |
  |   Vbias prefactor (k)  :  0.0021 Eh       |
  |   Vbias exponent (α)   :  1.0000 bohr⁻²   |
*sMTD  12 completed successfully ...        0 min, 44.672 sec
  :::::::::: starting static MTD  17 ::::::::::
  |   MD simulation time   :     6.0 ps       |
  |   target T             :   400.0 K        |
  |   timestep dt          :     5.0 fs       |
  |   dump interval(trj)   :   100.0 fs       |
  |   SHAKE algorithm      : true (all bonds) |
  |   Vbias prefactor (k)  :  0.0021 Eh       |
  |   Vbias exponent (α)   :  1.0000 bohr⁻²   |
*sMTD   9 completed successfully ...        0 min, 44.785 sec
  :::::::::: starting static MTD  18 ::::::::::
  |   MD simulation time   :     6.0 ps       |
  |   target T             :   400.0 K        |
  |   timestep dt          :     5.0 fs       |
  |   dump interval(trj)   :   100.0 fs       |
  |   SHAKE algorithm      : true (all bonds) |
  |   Vbias prefactor (k)  :  0.0021 Eh       |
  |   Vbias exponent (α)   :  1.0000 bohr⁻²   |
*sMTD   3 completed successfully ...        0 min, 44.806 sec
  :::::::::: starting static MTD  19 ::::::::::
  |   MD simulation time   :     6.0 ps       |
  |   target T             :   400.0 K        |
  |   timestep dt          :     5.0 fs       |
  |   dump interval(trj)   :   100.0 fs       |
  |   SHAKE algorithm      : true (all bonds) |
  |   Vbias prefactor (k)  :  0.0021 Eh       |
  |   Vbias exponent (α)   :  1.0000 bohr⁻²   |
*sMTD  15 completed successfully ...        0 min, 44.830 sec
  :::::::::: starting static MTD  20 ::::::::::
  |   MD simulation time   :     6.0 ps       |
  |   target T             :   400.0 K        |
  |   timestep dt          :     5.0 fs       |
  |   dump interval(trj)   :   100.0 fs       |
  |   SHAKE algorithm      : true (all bonds) |
  |   Vbias prefactor (k)  :  0.0021 Eh       |
  |   Vbias exponent (α)   :  1.0000 bohr⁻²   |
*sMTD  14 completed successfully ...        0 min, 44.834 sec
  :::::::::: starting static MTD  21 ::::::::::
  |   MD simulation time   :     6.0 ps       |
  |   target T             :   400.0 K        |
  |   timestep dt          :     5.0 fs       |
  |   dump interval(trj)   :   100.0 fs       |
  |   SHAKE algorithm      : true (all bonds) |
  |   Vbias prefactor (k)  :  0.0021 Eh       |
  |   Vbias exponent (α)   :  1.0000 bohr⁻²   |
*sMTD   5 completed successfully ...        0 min, 44.842 sec
  :::::::::: starting static MTD  22 ::::::::::
  |   MD simulation time   :     6.0 ps       |
  |   target T             :   400.0 K        |
  |   timestep dt          :     5.0 fs       |
  |   dump interval(trj)   :   100.0 fs       |
  |   SHAKE algorithm      : true (all bonds) |
  |   Vbias prefactor (k)  :  0.0021 Eh       |
  |   Vbias exponent (α)   :  1.0000 bohr⁻²   |
*sMTD   8 completed successfully ...        0 min, 44.842 sec
  :::::::::: starting static MTD  23 ::::::::::
  |   MD simulation time   :     6.0 ps       |
  |   target T             :   400.0 K        |
  |   timestep dt          :     5.0 fs       |
  |   dump interval(trj)   :   100.0 fs       |
  |   SHAKE algorithm      : true (all bonds) |
  |   Vbias prefactor (k)  :  0.0021 Eh       |
  |   Vbias exponent (α)   :  1.0000 bohr⁻²   |
*sMTD   1 completed successfully ...        0 min, 44.882 sec
  :::::::::: starting static MTD  24 ::::::::::
  |   MD simulation time   :     6.0 ps       |
  |   target T             :   400.0 K        |
  |   timestep dt          :     5.0 fs       |
  |   dump interval(trj)   :   100.0 fs       |
  |   SHAKE algorithm      : true (all bonds) |
  |   Vbias prefactor (k)  :  0.0021 Eh       |
  |   Vbias exponent (α)   :  1.0000 bohr⁻²   |
*sMTD   4 completed successfully ...        0 min, 44.889 sec
  :::::::::: starting static MTD  25 ::::::::::
  |   MD simulation time   :     6.0 ps       |
  |   target T             :   400.0 K        |
  |   timestep dt          :     5.0 fs       |
  |   dump interval(trj)   :   100.0 fs       |
  |   SHAKE algorithm      : true (all bonds) |
  |   Vbias prefactor (k)  :  0.0021 Eh       |
  |   Vbias exponent (α)   :  1.0000 bohr⁻²   |
*sMTD   7 completed successfully ...        0 min, 44.889 sec
  :::::::::: starting static MTD  26 ::::::::::
  |   MD simulation time   :     6.0 ps       |
  |   target T             :   400.0 K        |
  |   timestep dt          :     5.0 fs       |
  |   dump interval(trj)   :   100.0 fs       |
  |   SHAKE algorithm      : true (all bonds) |
  |   Vbias prefactor (k)  :  0.0021 Eh       |
  |   Vbias exponent (α)   :  1.0000 bohr⁻²   |
*sMTD  10 completed successfully ...        0 min, 44.903 sec
  :::::::::: starting static MTD  27 ::::::::::
  |   MD simulation time   :     6.0 ps       |
  |   target T             :   400.0 K        |
  |   timestep dt          :     5.0 fs       |
  |   dump interval(trj)   :   100.0 fs       |
  |   SHAKE algorithm      : true (all bonds) |
  |   Vbias prefactor (k)  :  0.0021 Eh       |
  |   Vbias exponent (α)   :  1.0000 bohr⁻²   |
*sMTD  13 completed successfully ...        0 min, 44.937 sec
  :::::::::: starting static MTD  28 ::::::::::
  |   MD simulation time   :     6.0 ps       |
  |   target T             :   400.0 K        |
  |   timestep dt          :     5.0 fs       |
  |   dump interval(trj)   :   100.0 fs       |
  |   SHAKE algorithm      : true (all bonds) |
  |   Vbias prefactor (k)  :  0.0021 Eh       |
  |   Vbias exponent (α)   :  1.0000 bohr⁻²   |
*sMTD   2 completed successfully ...        0 min, 45.034 sec
  :::::::::: starting static MTD  29 ::::::::::
  |   MD simulation time   :     6.0 ps       |
  |   target T             :   400.0 K        |
  |   timestep dt          :     5.0 fs       |
  |   dump interval(trj)   :   100.0 fs       |
  |   SHAKE algorithm      : true (all bonds) |
  |   Vbias prefactor (k)  :  0.0021 Eh       |
  |   Vbias exponent (α)   :  1.0000 bohr⁻²   |
*sMTD  36 completed successfully ...        0 min, 45.092 sec
  :::::::::: starting static MTD  35 ::::::::::
  |   MD simulation time   :     6.0 ps       |
  |   target T             :   400.0 K        |
  |   timestep dt          :     5.0 fs       |
  |   dump interval(trj)   :   100.0 fs       |
  |   SHAKE algorithm      : true (all bonds) |
  |   Vbias prefactor (k)  :  0.0021 Eh       |
  |   Vbias exponent (α)   :  1.0000 bohr⁻²   |
*sMTD  11 completed successfully ...        0 min, 45.147 sec
  :::::::::: starting static MTD  30 ::::::::::
  |   MD simulation time   :     6.0 ps       |
  |   target T             :   400.0 K        |
  |   timestep dt          :     5.0 fs       |
  |   dump interval(trj)   :   100.0 fs       |
  |   SHAKE algorithm      : true (all bonds) |
  |   Vbias prefactor (k)  :  0.0021 Eh       |
  |   Vbias exponent (α)   :  1.0000 bohr⁻²   |
*sMTD  20 completed successfully ...        0 min, 44.523 sec
  :::::::::: starting static MTD  31 ::::::::::
  |   MD simulation time   :     6.0 ps       |
  |   target T             :   400.0 K        |
  |   timestep dt          :     5.0 fs       |
  |   dump interval(trj)   :   100.0 fs       |
  |   SHAKE algorithm      : true (all bonds) |
  |   Vbias prefactor (k)  :  0.0021 Eh       |
  |   Vbias exponent (α)   :  1.0000 bohr⁻²   |
*sMTD  19 completed successfully ...        0 min, 44.693 sec
  :::::::::: starting static MTD  32 ::::::::::
  |   MD simulation time   :     6.0 ps       |
  |   target T             :   400.0 K        |
  |   timestep dt          :     5.0 fs       |
  |   dump interval(trj)   :   100.0 fs       |
  |   SHAKE algorithm      : true (all bonds) |
  |   Vbias prefactor (k)  :  0.0021 Eh       |
  |   Vbias exponent (α)   :  1.0000 bohr⁻²   |
*sMTD  26 completed successfully ...        0 min, 44.626 sec
  :::::::::: starting static MTD  33 ::::::::::
  |   MD simulation time   :     6.0 ps       |
  |   target T             :   400.0 K        |
  |   timestep dt          :     5.0 fs       |
  |   dump interval(trj)   :   100.0 fs       |
  |   SHAKE algorithm      : true (all bonds) |
  |   Vbias prefactor (k)  :  0.0021 Eh       |
  |   Vbias exponent (α)   :  1.0000 bohr⁻²   |
*sMTD  27 completed successfully ...        0 min, 44.657 sec
  :::::::::: starting static MTD  34 ::::::::::
  |   MD simulation time   :     6.0 ps       |
  |   target T             :   400.0 K        |
  |   timestep dt          :     5.0 fs       |
  |   dump interval(trj)   :   100.0 fs       |
  |   SHAKE algorithm      : true (all bonds) |
  |   Vbias prefactor (k)  :  0.0021 Eh       |
  |   Vbias exponent (α)   :  1.0000 bohr⁻²   |
*sMTD  17 completed successfully ...        0 min, 44.928 sec
*sMTD  21 completed successfully ...        0 min, 44.847 sec
*sMTD  28 completed successfully ...        0 min, 44.820 sec
*sMTD  35 completed successfully ...        0 min, 44.693 sec
*sMTD  18 completed successfully ...        0 min, 45.018 sec
*sMTD  16 completed successfully ...        0 min, 45.173 sec
*sMTD  24 completed successfully ...        0 min, 44.962 sec
*sMTD  22 completed successfully ...        0 min, 45.003 sec
*sMTD  23 completed successfully ...        0 min, 45.029 sec
*sMTD  29 completed successfully ...        0 min, 44.895 sec
*sMTD  30 completed successfully ...        0 min, 44.960 sec
*sMTD  25 completed successfully ...        0 min, 45.320 sec
*sMTD  31 completed successfully ...        0 min, 25.198 sec
*sMTD  33 completed successfully ...        0 min, 25.115 sec
*sMTD  32 completed successfully ...        0 min, 25.161 sec
*sMTD  34 completed successfully ...        0 min, 25.186 sec

 ======================================
 |  Multilevel Ensemble Optimization  |
 ======================================
 Optimizing all 2124 structures from file "crest_rotamers_0.xyz" ...
 ----------------------
 crude pre-optimization
 ----------------------
 Optimization engine: ANCOPT
 Hessian update type: BFGS
 E/G convergence criteria:  0.500E-03 Eh, 0.100E-01 Eh/a0
 maximum optimization steps: 200
 |>0.0% |>7.5% |>15.0% |>22.5% |>30.0% |>37.5% |>45.0% |>52.5% |>60.0% |>67.5% |>75.0% |>82.5% |>90.0% |>97.5% |>100.0%
 done.
> 2124 of 2124 structures successfully optimized (100.0% success)
> Total runtime for 2124 optimizations:
 * wall-time:     0 d,  0 h,  0 min, 49.516 sec
 *  cpu-time:     0 d,  0 h, 12 min, 29.683 sec
 * ratio c/w:    15.140 speedup
> Corresponding to approximately 0.023 sec per processed structure

CREGEN> running RMSDs ... done.
CREGEN> E lowest :   -59.99224
 1207 structures remain within    12.00 kcal/mol window
 ---------------------------------------
 optimization with very tight thresholds
 ---------------------------------------
 Optimization engine: ANCOPT
 Hessian update type: BFGS
 E/G convergence criteria:  0.100E-06 Eh, 0.200E-03 Eh/a0
 maximum optimization steps: 200
 |>0.1% |>7.5% |>15.1% |>22.5% |>30.1% |>37.5% |>45.1% |>52.5% |>60.1% |>67.5% |>75.1% |>82.5% |>90.1% |>97.5% |>100.0%
 done.
> 1204 of 1207 structures successfully optimized (99.8% success)
> Total runtime for 1207 optimizations:
 * wall-time:     0 d,  0 h,  1 min, 29.202 sec
 *  cpu-time:     0 d,  0 h, 22 min, 43.731 sec
 * ratio c/w:    15.288 speedup
> Corresponding to approximately 0.074 sec per processed structure

CREGEN> running RMSDs ... done.
CREGEN> E lowest :   -59.99254
 101 structures remain within     6.00 kcal/mol window
CREGEN> running RMSDs ... done.
CREGEN> E lowest :   -59.99254

 Static MTD simulation iteration 1 finished
 A total of 60 conformers (+ 3.33%) in crest_conformers.xyz
 S(approx.) =    4.655091 cal/molK (dS = 0.12%)
 Convergence w.r.t. conformers: F
 Convergence w.r.t. entropy   : T

     H(298.15K)-H(0) (conf)      0.723950
                   Cp(conf)      2.666679
                    S(conf)      4.652748

********************************************************************************
**                     I T E R A T I O N    C Y C L E      2                  **
********************************************************************************
 -------------------------------------------
 determining bias structures via PCA/k-Means
 -------------------------------------------

 5 structures were selected
 done.

 -----------------------------------------------
 determining MTD seed structures via PCA/k-Means
 -----------------------------------------------

 36 structures were selected
 done.


 ===========================================================
 Static MTDs (umbrella sampling) on 36 selected conformer(s)
 ===========================================================
> Using 5 constant RMSD bias potentials per MTD
  :::::::::: starting static MTD   1 ::::::::::
  |   MD simulation time   :     6.0 ps       |
  |   target T             :   400.0 K        |
  |   timestep dt          :     5.0 fs       |
  |   dump interval(trj)   :   100.0 fs       |
  |   SHAKE algorithm      : true (all bonds) |
  |   Vbias prefactor (k)  :  0.0021 Eh       |
  |   Vbias exponent (α)   :  1.0000 bohr⁻²   |
  :::::::::: starting static MTD   3 ::::::::::
  |   MD simulation time   :     6.0 ps       |
  |   target T             :   400.0 K        |
  |   timestep dt          :     5.0 fs       |
  |   dump interval(trj)   :   100.0 fs       |
  |   SHAKE algorithm      : true (all bonds) |
  |   Vbias prefactor (k)  :  0.0021 Eh       |
  |   Vbias exponent (α)   :  1.0000 bohr⁻²   |
  :::::::::: starting static MTD   4 ::::::::::
  |   MD simulation time   :     6.0 ps       |
  |   target T             :   400.0 K        |
  |   timestep dt          :     5.0 fs       |
  |   dump interval(trj)   :   100.0 fs       |
  |   SHAKE algorithm      : true (all bonds) |
  |   Vbias prefactor (k)  :  0.0021 Eh       |
  |   Vbias exponent (α)   :  1.0000 bohr⁻²   |
  :::::::::: starting static MTD  13 ::::::::::
  |   MD simulation time   :     6.0 ps       |
  |   target T             :   400.0 K        |
  |   timestep dt          :     5.0 fs       |
  |   dump interval(trj)   :   100.0 fs       |
  |   SHAKE algorithm      : true (all bonds) |
  |   Vbias prefactor (k)  :  0.0021 Eh       |
  |   Vbias exponent (α)   :  1.0000 bohr⁻²   |
  :::::::::: starting static MTD   6 ::::::::::
  |   MD simulation time   :     6.0 ps       |
  |   target T             :   400.0 K        |
  |   timestep dt          :     5.0 fs       |
  |   dump interval(trj)   :   100.0 fs       |
  |   SHAKE algorithm      : true (all bonds) |
  |   Vbias prefactor (k)  :  0.0021 Eh       |
  |   Vbias exponent (α)   :  1.0000 bohr⁻²   |
  :::::::::: starting static MTD   9 ::::::::::
  |   MD simulation time   :     6.0 ps       |
  |   target T             :   400.0 K        |
  |   timestep dt          :     5.0 fs       |
  |   dump interval(trj)   :   100.0 fs       |
  |   SHAKE algorithm      : true (all bonds) |
  |   Vbias prefactor (k)  :  0.0021 Eh       |
  |   Vbias exponent (α)   :  1.0000 bohr⁻²   |
  :::::::::: starting static MTD  12 ::::::::::
  |   MD simulation time   :     6.0 ps       |
  |   target T             :   400.0 K        |
  |   timestep dt          :     5.0 fs       |
  |   dump interval(trj)   :   100.0 fs       |
  |   SHAKE algorithm      : true (all bonds) |
  |   Vbias prefactor (k)  :  0.0021 Eh       |
  |   Vbias exponent (α)   :  1.0000 bohr⁻²   |
  :::::::::: starting static MTD   5 ::::::::::
  |   MD simulation time   :     6.0 ps       |
  |   target T             :   400.0 K        |
  |   timestep dt          :     5.0 fs       |
  |   dump interval(trj)   :   100.0 fs       |
  |   SHAKE algorithm      : true (all bonds) |
  |   Vbias prefactor (k)  :  0.0021 Eh       |
  |   Vbias exponent (α)   :  1.0000 bohr⁻²   |
  :::::::::: starting static MTD  14 ::::::::::
  |   MD simulation time   :     6.0 ps       |
  |   target T             :   400.0 K        |
  |   timestep dt          :     5.0 fs       |
  |   dump interval(trj)   :   100.0 fs       |
  |   SHAKE algorithm      : true (all bonds) |
  |   Vbias prefactor (k)  :  0.0021 Eh       |
  |   Vbias exponent (α)   :  1.0000 bohr⁻²   |
  :::::::::: starting static MTD  15 ::::::::::
  |   MD simulation time   :     6.0 ps       |
  |   target T             :   400.0 K        |
  |   timestep dt          :     5.0 fs       |
  |   dump interval(trj)   :   100.0 fs       |
  |   SHAKE algorithm      : true (all bonds) |
  |   Vbias prefactor (k)  :  0.0021 Eh       |
  |   Vbias exponent (α)   :  1.0000 bohr⁻²   |
  :::::::::: starting static MTD  11 ::::::::::
  |   MD simulation time   :     6.0 ps       |
  |   target T             :   400.0 K        |
  |   timestep dt          :     5.0 fs       |
  |   dump interval(trj)   :   100.0 fs       |
  |   SHAKE algorithm      : true (all bonds) |
  |   Vbias prefactor (k)  :  0.0021 Eh       |
  |   Vbias exponent (α)   :  1.0000 bohr⁻²   |
  :::::::::: starting static MTD  10 ::::::::::
  |   MD simulation time   :     6.0 ps       |
  |   target T             :   400.0 K        |
  |   timestep dt          :     5.0 fs       |
  |   dump interval(trj)   :   100.0 fs       |
  |   SHAKE algorithm      : true (all bonds) |
  |   Vbias prefactor (k)  :  0.0021 Eh       |
  |   Vbias exponent (α)   :  1.0000 bohr⁻²   |
  :::::::::: starting static MTD  36 ::::::::::
  |   MD simulation time   :     6.0 ps       |
  |   target T             :   400.0 K        |
  |   timestep dt          :     5.0 fs       |
  |   dump interval(trj)   :   100.0 fs       |
  |   SHAKE algorithm      : true (all bonds) |
  |   Vbias prefactor (k)  :  0.0021 Eh       |
  |   Vbias exponent (α)   :  1.0000 bohr⁻²   |
  :::::::::: starting static MTD   2 ::::::::::
  |   MD simulation time   :     6.0 ps       |
  |   target T             :   400.0 K        |
  |   timestep dt          :     5.0 fs       |
  |   dump interval(trj)   :   100.0 fs       |
  |   SHAKE algorithm      : true (all bonds) |
  |   Vbias prefactor (k)  :  0.0021 Eh       |
  |   Vbias exponent (α)   :  1.0000 bohr⁻²   |
  :::::::::: starting static MTD   8 ::::::::::
  |   MD simulation time   :     6.0 ps       |
  |   target T             :   400.0 K        |
  |   timestep dt          :     5.0 fs       |
  |   dump interval(trj)   :   100.0 fs       |
  |   SHAKE algorithm      : true (all bonds) |
  |   Vbias prefactor (k)  :  0.0021 Eh       |
  |   Vbias exponent (α)   :  1.0000 bohr⁻²   |
  :::::::::: starting static MTD   7 ::::::::::
  |   MD simulation time   :     6.0 ps       |
  |   target T             :   400.0 K        |
  |   timestep dt          :     5.0 fs       |
  |   dump interval(trj)   :   100.0 fs       |
  |   SHAKE algorithm      : true (all bonds) |
  |   Vbias prefactor (k)  :  0.0021 Eh       |
  |   Vbias exponent (α)   :  1.0000 bohr⁻²   |
*sMTD  36 completed successfully ...        0 min, 44.481 sec
  :::::::::: starting static MTD  35 ::::::::::
  |   MD simulation time   :     6.0 ps       |
  |   target T             :   400.0 K        |
  |   timestep dt          :     5.0 fs       |
  |   dump interval(trj)   :   100.0 fs       |
  |   SHAKE algorithm      : true (all bonds) |
  |   Vbias prefactor (k)  :  0.0021 Eh       |
  |   Vbias exponent (α)   :  1.0000 bohr⁻²   |
*sMTD   6 completed successfully ...        0 min, 44.686 sec
  :::::::::: starting static MTD  16 ::::::::::
  |   MD simulation time   :     6.0 ps       |
  |   target T             :   400.0 K        |
  |   timestep dt          :     5.0 fs       |
  |   dump interval(trj)   :   100.0 fs       |
  |   SHAKE algorithm      : true (all bonds) |
  |   Vbias prefactor (k)  :  0.0021 Eh       |
  |   Vbias exponent (α)   :  1.0000 bohr⁻²   |
*sMTD  12 completed successfully ...        0 min, 44.889 sec
  :::::::::: starting static MTD  17 ::::::::::
  |   MD simulation time   :     6.0 ps       |
  |   target T             :   400.0 K        |
  |   timestep dt          :     5.0 fs       |
  |   dump interval(trj)   :   100.0 fs       |
  |   SHAKE algorithm      : true (all bonds) |
  |   Vbias prefactor (k)  :  0.0021 Eh       |
  |   Vbias exponent (α)   :  1.0000 bohr⁻²   |
*sMTD   3 completed successfully ...        0 min, 44.958 sec
  :::::::::: starting static MTD  18 ::::::::::
  |   MD simulation time   :     6.0 ps       |
  |   target T             :   400.0 K        |
  |   timestep dt          :     5.0 fs       |
  |   dump interval(trj)   :   100.0 fs       |
  |   SHAKE algorithm      : true (all bonds) |
  |   Vbias prefactor (k)  :  0.0021 Eh       |
  |   Vbias exponent (α)   :  1.0000 bohr⁻²   |
*sMTD   7 completed successfully ...        0 min, 44.960 sec
  :::::::::: starting static MTD  19 ::::::::::
  |   MD simulation time   :     6.0 ps       |
  |   target T             :   400.0 K        |
  |   timestep dt          :     5.0 fs       |
  |   dump interval(trj)   :   100.0 fs       |
  |   SHAKE algorithm      : true (all bonds) |
  |   Vbias prefactor (k)  :  0.0021 Eh       |
  |   Vbias exponent (α)   :  1.0000 bohr⁻²   |
*sMTD   2 completed successfully ...        0 min, 45.099 sec
  :::::::::: starting static MTD  20 ::::::::::
  |   MD simulation time   :     6.0 ps       |
  |   target T             :   400.0 K        |
  |   timestep dt          :     5.0 fs       |
  |   dump interval(trj)   :   100.0 fs       |
  |   SHAKE algorithm      : true (all bonds) |
  |   Vbias prefactor (k)  :  0.0021 Eh       |
  |   Vbias exponent (α)   :  1.0000 bohr⁻²   |
*sMTD   5 completed successfully ...        0 min, 45.149 sec
  :::::::::: starting static MTD  21 ::::::::::
  |   MD simulation time   :     6.0 ps       |
  |   target T             :   400.0 K        |
  |   timestep dt          :     5.0 fs       |
  |   dump interval(trj)   :   100.0 fs       |
  |   SHAKE algorithm      : true (all bonds) |
  |   Vbias prefactor (k)  :  0.0021 Eh       |
  |   Vbias exponent (α)   :  1.0000 bohr⁻²   |
*sMTD   9 completed successfully ...        0 min, 45.157 sec
  :::::::::: starting static MTD  22 ::::::::::
  |   MD simulation time   :     6.0 ps       |
  |   target T             :   400.0 K        |
  |   timestep dt          :     5.0 fs       |
  |   dump interval(trj)   :   100.0 fs       |
  |   SHAKE algorithm      : true (all bonds) |
  |   Vbias prefactor (k)  :  0.0021 Eh       |
  |   Vbias exponent (α)   :  1.0000 bohr⁻²   |
*sMTD   1 completed successfully ...        0 min, 45.183 sec
  :::::::::: starting static MTD  23 ::::::::::
  |   MD simulation time   :     6.0 ps       |
  |   target T             :   400.0 K        |
  |   timestep dt          :     5.0 fs       |
  |   dump interval(trj)   :   100.0 fs       |
  |   SHAKE algorithm      : true (all bonds) |
  |   Vbias prefactor (k)  :  0.0021 Eh       |
  |   Vbias exponent (α)   :  1.0000 bohr⁻²   |
*sMTD   4 completed successfully ...        0 min, 45.201 sec
  :::::::::: starting static MTD  24 ::::::::::
  |   MD simulation time   :     6.0 ps       |
  |   target T             :   400.0 K        |
  |   timestep dt          :     5.0 fs       |
  |   dump interval(trj)   :   100.0 fs       |
  |   SHAKE algorithm      : true (all bonds) |
  |   Vbias prefactor (k)  :  0.0021 Eh       |
  |   Vbias exponent (α)   :  1.0000 bohr⁻²   |
*sMTD  11 completed successfully ...        0 min, 45.239 sec
  :::::::::: starting static MTD  25 ::::::::::
  |   MD simulation time   :     6.0 ps       |
  |   target T             :   400.0 K        |
  |   timestep dt          :     5.0 fs       |
  |   dump interval(trj)   :   100.0 fs       |
  |   SHAKE algorithm      : true (all bonds) |
  |   Vbias prefactor (k)  :  0.0021 Eh       |
  |   Vbias exponent (α)   :  1.0000 bohr⁻²   |
*sMTD  15 completed successfully ...        0 min, 45.467 sec
  :::::::::: starting static MTD  26 ::::::::::
  |   MD simulation time   :     6.0 ps       |
  |   target T             :   400.0 K        |
  |   timestep dt          :     5.0 fs       |
  |   dump interval(trj)   :   100.0 fs       |
  |   SHAKE algorithm      : true (all bonds) |
  |   Vbias prefactor (k)  :  0.0021 Eh       |
  |   Vbias exponent (α)   :  1.0000 bohr⁻²   |
*sMTD  13 completed successfully ...        0 min, 45.474 sec
  :::::::::: starting static MTD  27 ::::::::::
  |   MD simulation time   :     6.0 ps       |
  |   target T             :   400.0 K        |
  |   timestep dt          :     5.0 fs       |
  |   dump interval(trj)   :   100.0 fs       |
  |   SHAKE algorithm      : true (all bonds) |
  |   Vbias prefactor (k)  :  0.0021 Eh       |
  |   Vbias exponent (α)   :  1.0000 bohr⁻²   |
*sMTD  10 completed successfully ...        0 min, 45.538 sec
  :::::::::: starting static MTD  28 ::::::::::
  |   MD simulation time   :     6.0 ps       |
  |   target T             :   400.0 K        |
  |   timestep dt          :     5.0 fs       |
  |   dump interval(trj)   :   100.0 fs       |
  |   SHAKE algorithm      : true (all bonds) |
  |   Vbias prefactor (k)  :  0.0021 Eh       |
  |   Vbias exponent (α)   :  1.0000 bohr⁻²   |
*sMTD   8 completed successfully ...        0 min, 45.598 sec
  :::::::::: starting static MTD  29 ::::::::::
  |   MD simulation time   :     6.0 ps       |
  |   target T             :   400.0 K        |
  |   timestep dt          :     5.0 fs       |
  |   dump interval(trj)   :   100.0 fs       |
  |   SHAKE algorithm      : true (all bonds) |
  |   Vbias prefactor (k)  :  0.0021 Eh       |
  |   Vbias exponent (α)   :  1.0000 bohr⁻²   |
*sMTD  14 completed successfully ...        0 min, 45.751 sec
  :::::::::: starting static MTD  30 ::::::::::
  |   MD simulation time   :     6.0 ps       |
  |   target T             :   400.0 K        |
  |   timestep dt          :     5.0 fs       |
  |   dump interval(trj)   :   100.0 fs       |
  |   SHAKE algorithm      : true (all bonds) |
  |   Vbias prefactor (k)  :  0.0021 Eh       |
  |   Vbias exponent (α)   :  1.0000 bohr⁻²   |
*sMTD  35 completed successfully ...        0 min, 44.834 sec
  :::::::::: starting static MTD  34 ::::::::::
  |   MD simulation time   :     6.0 ps       |
  |   target T             :   400.0 K        |
  |   timestep dt          :     5.0 fs       |
  |   dump interval(trj)   :   100.0 fs       |
  |   SHAKE algorithm      : true (all bonds) |
  |   Vbias prefactor (k)  :  0.0021 Eh       |
  |   Vbias exponent (α)   :  1.0000 bohr⁻²   |
*sMTD  17 completed successfully ...        0 min, 44.721 sec
  :::::::::: starting static MTD  31 ::::::::::
  |   MD simulation time   :     6.0 ps       |
  |   target T             :   400.0 K        |
  |   timestep dt          :     5.0 fs       |
  |   dump interval(trj)   :   100.0 fs       |
  |   SHAKE algorithm      : true (all bonds) |
  |   Vbias prefactor (k)  :  0.0021 Eh       |
  |   Vbias exponent (α)   :  1.0000 bohr⁻²   |
*sMTD  27 completed successfully ...        0 min, 44.347 sec
  :::::::::: starting static MTD  32 ::::::::::
  |   MD simulation time   :     6.0 ps       |
  |   target T             :   400.0 K        |
  |   timestep dt          :     5.0 fs       |
  |   dump interval(trj)   :   100.0 fs       |
  |   SHAKE algorithm      : true (all bonds) |
  |   Vbias prefactor (k)  :  0.0021 Eh       |
  |   Vbias exponent (α)   :  1.0000 bohr⁻²   |
*sMTD  19 completed successfully ...        0 min, 45.012 sec
  :::::::::: starting static MTD  33 ::::::::::
  |   MD simulation time   :     6.0 ps       |
  |   target T             :   400.0 K        |
  |   timestep dt          :     5.0 fs       |
  |   dump interval(trj)   :   100.0 fs       |
  |   SHAKE algorithm      : true (all bonds) |
  |   Vbias prefactor (k)  :  0.0021 Eh       |
  |   Vbias exponent (α)   :  1.0000 bohr⁻²   |
*sMTD  18 completed successfully ...        0 min, 45.066 sec
*sMTD  16 completed successfully ...        0 min, 45.345 sec
*sMTD  29 completed successfully ...        0 min, 44.530 sec
*sMTD  21 completed successfully ...        0 min, 44.995 sec
*sMTD  25 completed successfully ...        0 min, 44.937 sec
*sMTD  23 completed successfully ...        0 min, 44.995 sec
*sMTD  24 completed successfully ...        0 min, 45.093 sec
*sMTD  26 completed successfully ...        0 min, 44.831 sec
*sMTD  28 completed successfully ...        0 min, 44.765 sec
*sMTD  20 completed successfully ...        0 min, 45.238 sec
*sMTD  22 completed successfully ...        0 min, 45.187 sec
*sMTD  30 completed successfully ...        0 min, 44.921 sec
*sMTD  34 completed successfully ...        0 min, 25.077 sec
*sMTD  31 completed successfully ...        0 min, 25.388 sec
*sMTD  32 completed successfully ...        0 min, 25.194 sec
*sMTD  33 completed successfully ...        0 min, 25.377 sec

 ======================================
 |  Multilevel Ensemble Optimization  |
 ======================================
 Optimizing all 2124 structures from file "crest_rotamers_0.xyz" ...
 ----------------------
 crude pre-optimization
 ----------------------
 Optimization engine: ANCOPT
 Hessian update type: BFGS
 E/G convergence criteria:  0.500E-03 Eh, 0.100E-01 Eh/a0
 maximum optimization steps: 200
 |>0.0% |>7.5% |>15.0% |>22.5% |>30.0% |>37.5% |>45.0% |>52.5% |>60.0% |>67.5% |>75.0% |>82.5% |>90.0% |>97.5% |>100.0%
 done.
> 2124 of 2124 structures successfully optimized (100.0% success)
> Total runtime for 2124 optimizations:
 * wall-time:     0 d,  0 h,  0 min, 48.649 sec
 *  cpu-time:     0 d,  0 h, 12 min, 17.016 sec
 * ratio c/w:    15.150 speedup
> Corresponding to approximately 0.023 sec per processed structure

CREGEN> running RMSDs ... done.
CREGEN> E lowest :   -59.99226
 1109 structures remain within    12.00 kcal/mol window
 ---------------------------------------
 optimization with very tight thresholds
 ---------------------------------------
 Optimization engine: ANCOPT
 Hessian update type: BFGS
 E/G convergence criteria:  0.100E-06 Eh, 0.200E-03 Eh/a0
 maximum optimization steps: 200
 |>0.1% |>7.6% |>15.1% |>22.5% |>30.0% |>37.5% |>45.1% |>52.6% |>60.1% |>67.5% |>75.0% |>82.5% |>90.1% |>97.6% |>100.0%
 done.
> 1109 of 1109 structures successfully optimized (100.0% success)
> Total runtime for 1109 optimizations:
 * wall-time:     0 d,  0 h,  1 min, 28.165 sec
 *  cpu-time:     0 d,  0 h, 22 min, 23.944 sec
 * ratio c/w:    15.244 speedup
> Corresponding to approximately 0.079 sec per processed structure

CREGEN> number of topology-based structure removals: 1
CREGEN> running RMSDs ... done.
CREGEN> E lowest :   -59.99254
 79 structures remain within     6.00 kcal/mol window
CREGEN> running RMSDs ... done.
CREGEN> E lowest :   -59.99254

 Static MTD simulation iteration 2 finished
 A total of 62 conformers (+ 3.23%) in crest_conformers.xyz
 S(approx.) =    4.657504 cal/molK (dS = 0.05%)
 Convergence w.r.t. conformers: F
 Convergence w.r.t. entropy   : T

     H(298.15K)-H(0) (conf)      0.724578
                   Cp(conf)      2.680734
                    S(conf)      4.655149

********************************************************************************
**                     I T E R A T I O N    C Y C L E      3                  **
********************************************************************************
 -------------------------------------------
 determining bias structures via PCA/k-Means
 -------------------------------------------

 6 structures were selected
 done.

 -----------------------------------------------
 determining MTD seed structures via PCA/k-Means
 -----------------------------------------------

 36 structures were selected
 done.


 ===========================================================
 Static MTDs (umbrella sampling) on 36 selected conformer(s)
 ===========================================================
> Using 6 constant RMSD bias potentials per MTD
  :::::::::: starting static MTD   1 ::::::::::
  |   MD simulation time   :     6.0 ps       |
  |   target T             :   400.0 K        |
  |   timestep dt          :     5.0 fs       |
  |   dump interval(trj)   :   100.0 fs       |
  |   SHAKE algorithm      : true (all bonds) |
  |   Vbias prefactor (k)  :  0.0021 Eh       |
  |   Vbias exponent (α)   :  1.0000 bohr⁻²   |
  :::::::::: starting static MTD   3 ::::::::::
  |   MD simulation time   :     6.0 ps       |
  |   target T             :   400.0 K        |
  |   timestep dt          :     5.0 fs       |
  |   dump interval(trj)   :   100.0 fs       |
  |   SHAKE algorithm      : true (all bonds) |
  |   Vbias prefactor (k)  :  0.0021 Eh       |
  |   Vbias exponent (α)   :  1.0000 bohr⁻²   |
  :::::::::: starting static MTD  36 ::::::::::
  |   MD simulation time   :     6.0 ps       |
  |   target T             :   400.0 K        |
  |   timestep dt          :     5.0 fs       |
  |   dump interval(trj)   :   100.0 fs       |
  |   SHAKE algorithm      : true (all bonds) |
  |   Vbias prefactor (k)  :  0.0021 Eh       |
  |   Vbias exponent (α)   :  1.0000 bohr⁻²   |
  :::::::::: starting static MTD   4 ::::::::::
  |   MD simulation time   :     6.0 ps       |
  |   target T             :   400.0 K        |
  |   timestep dt          :     5.0 fs       |
  |   dump interval(trj)   :   100.0 fs       |
  |   SHAKE algorithm      : true (all bonds) |
  |   Vbias prefactor (k)  :  0.0021 Eh       |
  |   Vbias exponent (α)   :  1.0000 bohr⁻²   |
  :::::::::: starting static MTD   2 ::::::::::
  |   MD simulation time   :     6.0 ps       |
  |   target T             :   400.0 K        |
  |   timestep dt          :     5.0 fs       |
  |   dump interval(trj)   :   100.0 fs       |
  |   SHAKE algorithm      : true (all bonds) |
  |   Vbias prefactor (k)  :  0.0021 Eh       |
  |   Vbias exponent (α)   :  1.0000 bohr⁻²   |
  :::::::::: starting static MTD   6 ::::::::::
  |   MD simulation time   :     6.0 ps       |
  |   target T             :   400.0 K        |
  |   timestep dt          :     5.0 fs       |
  |   dump interval(trj)   :   100.0 fs       |
  |   SHAKE algorithm      : true (all bonds) |
  |   Vbias prefactor (k)  :  0.0021 Eh       |
  |   Vbias exponent (α)   :  1.0000 bohr⁻²   |
  :::::::::: starting static MTD   5 ::::::::::
  |   MD simulation time   :     6.0 ps       |
  |   target T             :   400.0 K        |
  |   timestep dt          :     5.0 fs       |
  |   dump interval(trj)   :   100.0 fs       |
  |   SHAKE algorithm      : true (all bonds) |
  |   Vbias prefactor (k)  :  0.0021 Eh       |
  |   Vbias exponent (α)   :  1.0000 bohr⁻²   |
  :::::::::: starting static MTD   9 ::::::::::
  |   MD simulation time   :     6.0 ps       |
  |   target T             :   400.0 K        |
  |   timestep dt          :     5.0 fs       |
  |   dump interval(trj)   :   100.0 fs       |
  |   SHAKE algorithm      : true (all bonds) |
  |   Vbias prefactor (k)  :  0.0021 Eh       |
  |   Vbias exponent (α)   :  1.0000 bohr⁻²   |
  :::::::::: starting static MTD  14 ::::::::::
  |   MD simulation time   :     6.0 ps       |
  |   target T             :   400.0 K        |
  |   timestep dt          :     5.0 fs       |
  |   dump interval(trj)   :   100.0 fs       |
  |   SHAKE algorithm      : true (all bonds) |
  |   Vbias prefactor (k)  :  0.0021 Eh       |
  |   Vbias exponent (α)   :  1.0000 bohr⁻²   |
  :::::::::: starting static MTD  12 ::::::::::
  |   MD simulation time   :     6.0 ps       |
  |   target T             :   400.0 K        |
  |   timestep dt          :     5.0 fs       |
  |   dump interval(trj)   :   100.0 fs       |
  |   SHAKE algorithm      : true (all bonds) |
  |   Vbias prefactor (k)  :  0.0021 Eh       |
  |   Vbias exponent (α)   :  1.0000 bohr⁻²   |
  :::::::::: starting static MTD   7 ::::::::::
  |   MD simulation time   :     6.0 ps       |
  |   target T             :   400.0 K        |
  |   timestep dt          :     5.0 fs       |
  |   dump interval(trj)   :   100.0 fs       |
  |   SHAKE algorithm      : true (all bonds) |
  |   Vbias prefactor (k)  :  0.0021 Eh       |
  |   Vbias exponent (α)   :  1.0000 bohr⁻²   |
  :::::::::: starting static MTD  13 ::::::::::
  |   MD simulation time   :     6.0 ps       |
  |   target T             :   400.0 K        |
  |   timestep dt          :     5.0 fs       |
  |   dump interval(trj)   :   100.0 fs       |
  |   SHAKE algorithm      : true (all bonds) |
  |   Vbias prefactor (k)  :  0.0021 Eh       |
  |   Vbias exponent (α)   :  1.0000 bohr⁻²   |
  :::::::::: starting static MTD  10 ::::::::::
  |   MD simulation time   :     6.0 ps       |
  |   target T             :   400.0 K        |
  |   timestep dt          :     5.0 fs       |
  |   dump interval(trj)   :   100.0 fs       |
  |   SHAKE algorithm      : true (all bonds) |
  |   Vbias prefactor (k)  :  0.0021 Eh       |
  |   Vbias exponent (α)   :  1.0000 bohr⁻²   |
  :::::::::: starting static MTD   8 ::::::::::
  |   MD simulation time   :     6.0 ps       |
  |   target T             :   400.0 K        |
  |   timestep dt          :     5.0 fs       |
  |   dump interval(trj)   :   100.0 fs       |
  |   SHAKE algorithm      : true (all bonds) |
  |   Vbias prefactor (k)  :  0.0021 Eh       |
  |   Vbias exponent (α)   :  1.0000 bohr⁻²   |
  :::::::::: starting static MTD  15 ::::::::::
  |   MD simulation time   :     6.0 ps       |
  |   target T             :   400.0 K        |
  |   timestep dt          :     5.0 fs       |
  |   dump interval(trj)   :   100.0 fs       |
  |   SHAKE algorithm      : true (all bonds) |
  |   Vbias prefactor (k)  :  0.0021 Eh       |
  |   Vbias exponent (α)   :  1.0000 bohr⁻²   |
  :::::::::: starting static MTD  11 ::::::::::
  |   MD simulation time   :     6.0 ps       |
  |   target T             :   400.0 K        |
  |   timestep dt          :     5.0 fs       |
  |   dump interval(trj)   :   100.0 fs       |
  |   SHAKE algorithm      : true (all bonds) |
  |   Vbias prefactor (k)  :  0.0021 Eh       |
  |   Vbias exponent (α)   :  1.0000 bohr⁻²   |
*sMTD   9 completed successfully ...        0 min, 44.262 sec
  :::::::::: starting static MTD  16 ::::::::::
  |   MD simulation time   :     6.0 ps       |
  |   target T             :   400.0 K        |
  |   timestep dt          :     5.0 fs       |
  |   dump interval(trj)   :   100.0 fs       |
  |   SHAKE algorithm      : true (all bonds) |
  |   Vbias prefactor (k)  :  0.0021 Eh       |
  |   Vbias exponent (α)   :  1.0000 bohr⁻²   |
*sMTD   2 completed successfully ...        0 min, 44.277 sec
  :::::::::: starting static MTD  17 ::::::::::
  |   MD simulation time   :     6.0 ps       |
  |   target T             :   400.0 K        |
  |   timestep dt          :     5.0 fs       |
  |   dump interval(trj)   :   100.0 fs       |
  |   SHAKE algorithm      : true (all bonds) |
  |   Vbias prefactor (k)  :  0.0021 Eh       |
  |   Vbias exponent (α)   :  1.0000 bohr⁻²   |
*sMTD  36 completed successfully ...        0 min, 44.382 sec
  :::::::::: starting static MTD  35 ::::::::::
  |   MD simulation time   :     6.0 ps       |
  |   target T             :   400.0 K        |
  |   timestep dt          :     5.0 fs       |
  |   dump interval(trj)   :   100.0 fs       |
  |   SHAKE algorithm      : true (all bonds) |
  |   Vbias prefactor (k)  :  0.0021 Eh       |
  |   Vbias exponent (α)   :  1.0000 bohr⁻²   |
*sMTD   5 completed successfully ...        0 min, 44.406 sec
  :::::::::: starting static MTD  18 ::::::::::
  |   MD simulation time   :     6.0 ps       |
  |   target T             :   400.0 K        |
  |   timestep dt          :     5.0 fs       |
  |   dump interval(trj)   :   100.0 fs       |
  |   SHAKE algorithm      : true (all bonds) |
  |   Vbias prefactor (k)  :  0.0021 Eh       |
  |   Vbias exponent (α)   :  1.0000 bohr⁻²   |
*sMTD   7 completed successfully ...        0 min, 44.478 sec
  :::::::::: starting static MTD  19 ::::::::::
  |   MD simulation time   :     6.0 ps       |
  |   target T             :   400.0 K        |
  |   timestep dt          :     5.0 fs       |
  |   dump interval(trj)   :   100.0 fs       |
  |   SHAKE algorithm      : true (all bonds) |
  |   Vbias prefactor (k)  :  0.0021 Eh       |
  |   Vbias exponent (α)   :  1.0000 bohr⁻²   |
*sMTD   4 completed successfully ...        0 min, 44.519 sec
  :::::::::: starting static MTD  20 ::::::::::
  |   MD simulation time   :     6.0 ps       |
  |   target T             :   400.0 K        |
  |   timestep dt          :     5.0 fs       |
  |   dump interval(trj)   :   100.0 fs       |
  |   SHAKE algorithm      : true (all bonds) |
  |   Vbias prefactor (k)  :  0.0021 Eh       |
  |   Vbias exponent (α)   :  1.0000 bohr⁻²   |
*sMTD  10 completed successfully ...        0 min, 44.535 sec
  :::::::::: starting static MTD  21 ::::::::::
  |   MD simulation time   :     6.0 ps       |
  |   target T             :   400.0 K        |
  |   timestep dt          :     5.0 fs       |
  |   dump interval(trj)   :   100.0 fs       |
  |   SHAKE algorithm      : true (all bonds) |
  |   Vbias prefactor (k)  :  0.0021 Eh       |
  |   Vbias exponent (α)   :  1.0000 bohr⁻²   |
*sMTD  15 completed successfully ...        0 min, 44.589 sec
  :::::::::: starting static MTD  22 ::::::::::
  |   MD simulation time   :     6.0 ps       |
  |   target T             :   400.0 K        |
  |   timestep dt          :     5.0 fs       |
  |   dump interval(trj)   :   100.0 fs       |
  |   SHAKE algorithm      : true (all bonds) |
  |   Vbias prefactor (k)  :  0.0021 Eh       |
  |   Vbias exponent (α)   :  1.0000 bohr⁻²   |
*sMTD   6 completed successfully ...        0 min, 44.642 sec
  :::::::::: starting static MTD  23 ::::::::::
  |   MD simulation time   :     6.0 ps       |
  |   target T             :   400.0 K        |
  |   timestep dt          :     5.0 fs       |
  |   dump interval(trj)   :   100.0 fs       |
  |   SHAKE algorithm      : true (all bonds) |
  |   Vbias prefactor (k)  :  0.0021 Eh       |
  |   Vbias exponent (α)   :  1.0000 bohr⁻²   |
*sMTD  13 completed successfully ...        0 min, 44.685 sec
  :::::::::: starting static MTD  24 ::::::::::
  |   MD simulation time   :     6.0 ps       |
  |   target T             :   400.0 K        |
  |   timestep dt          :     5.0 fs       |
  |   dump interval(trj)   :   100.0 fs       |
  |   SHAKE algorithm      : true (all bonds) |
  |   Vbias prefactor (k)  :  0.0021 Eh       |
  |   Vbias exponent (α)   :  1.0000 bohr⁻²   |
*sMTD  11 completed successfully ...        0 min, 44.691 sec
  :::::::::: starting static MTD  25 ::::::::::
  |   MD simulation time   :     6.0 ps       |
  |   target T             :   400.0 K        |
  |   timestep dt          :     5.0 fs       |
  |   dump interval(trj)   :   100.0 fs       |
  |   SHAKE algorithm      : true (all bonds) |
  |   Vbias prefactor (k)  :  0.0021 Eh       |
  |   Vbias exponent (α)   :  1.0000 bohr⁻²   |
*sMTD  14 completed successfully ...        0 min, 45.087 sec
  :::::::::: starting static MTD  26 ::::::::::
  |   MD simulation time   :     6.0 ps       |
  |   target T             :   400.0 K        |
  |   timestep dt          :     5.0 fs       |
  |   dump interval(trj)   :   100.0 fs       |
  |   SHAKE algorithm      : true (all bonds) |
  |   Vbias prefactor (k)  :  0.0021 Eh       |
  |   Vbias exponent (α)   :  1.0000 bohr⁻²   |
*sMTD   8 completed successfully ...        0 min, 45.289 sec
  :::::::::: starting static MTD  27 ::::::::::
  |   MD simulation time   :     6.0 ps       |
  |   target T             :   400.0 K        |
  |   timestep dt          :     5.0 fs       |
  |   dump interval(trj)   :   100.0 fs       |
  |   SHAKE algorithm      : true (all bonds) |
  |   Vbias prefactor (k)  :  0.0021 Eh       |
  |   Vbias exponent (α)   :  1.0000 bohr⁻²   |
*sMTD  12 completed successfully ...        0 min, 45.408 sec
  :::::::::: starting static MTD  28 ::::::::::
  |   MD simulation time   :     6.0 ps       |
  |   target T             :   400.0 K        |
  |   timestep dt          :     5.0 fs       |
  |   dump interval(trj)   :   100.0 fs       |
  |   SHAKE algorithm      : true (all bonds) |
  |   Vbias prefactor (k)  :  0.0021 Eh       |
  |   Vbias exponent (α)   :  1.0000 bohr⁻²   |
*sMTD   1 completed successfully ...        0 min, 45.468 sec
  :::::::::: starting static MTD  29 ::::::::::
  |   MD simulation time   :     6.0 ps       |
  |   target T             :   400.0 K        |
  |   timestep dt          :     5.0 fs       |
  |   dump interval(trj)   :   100.0 fs       |
  |   SHAKE algorithm      : true (all bonds) |
  |   Vbias prefactor (k)  :  0.0021 Eh       |
  |   Vbias exponent (α)   :  1.0000 bohr⁻²   |
*sMTD   3 completed successfully ...        0 min, 48.962 sec
  :::::::::: starting static MTD  30 ::::::::::
  |   MD simulation time   :     6.0 ps       |
  |   target T             :   400.0 K        |
  |   timestep dt          :     5.0 fs       |
  |   dump interval(trj)   :   100.0 fs       |
  |   SHAKE algorithm      : true (all bonds) |
  |   Vbias prefactor (k)  :  0.0021 Eh       |
  |   Vbias exponent (α)   :  1.0000 bohr⁻²   |
*sMTD  21 completed successfully ...        0 min, 44.214 sec
  :::::::::: starting static MTD  31 ::::::::::
  |   MD simulation time   :     6.0 ps       |
  |   target T             :   400.0 K        |
  |   timestep dt          :     5.0 fs       |
  |   dump interval(trj)   :   100.0 fs       |
  |   SHAKE algorithm      : true (all bonds) |
  |   Vbias prefactor (k)  :  0.0021 Eh       |
  |   Vbias exponent (α)   :  1.0000 bohr⁻²   |
*sMTD  16 completed successfully ...        0 min, 44.513 sec
  :::::::::: starting static MTD  32 ::::::::::
  |   MD simulation time   :     6.0 ps       |
  |   target T             :   400.0 K        |
  |   timestep dt          :     5.0 fs       |
  |   dump interval(trj)   :   100.0 fs       |
  |   SHAKE algorithm      : true (all bonds) |
  |   Vbias prefactor (k)  :  0.0021 Eh       |
  |   Vbias exponent (α)   :  1.0000 bohr⁻²   |
*sMTD  18 completed successfully ...        0 min, 44.585 sec
  :::::::::: starting static MTD  33 ::::::::::
  |   MD simulation time   :     6.0 ps       |
  |   target T             :   400.0 K        |
  |   timestep dt          :     5.0 fs       |
  |   dump interval(trj)   :   100.0 fs       |
  |   SHAKE algorithm      : true (all bonds) |
  |   Vbias prefactor (k)  :  0.0021 Eh       |
  |   Vbias exponent (α)   :  1.0000 bohr⁻²   |
*sMTD  20 completed successfully ...        0 min, 44.490 sec
  :::::::::: starting static MTD  34 ::::::::::
  |   MD simulation time   :     6.0 ps       |
  |   target T             :   400.0 K        |
  |   timestep dt          :     5.0 fs       |
  |   dump interval(trj)   :   100.0 fs       |
  |   SHAKE algorithm      : true (all bonds) |
  |   Vbias prefactor (k)  :  0.0021 Eh       |
  |   Vbias exponent (α)   :  1.0000 bohr⁻²   |
*sMTD  22 completed successfully ...        0 min, 44.530 sec
*sMTD  19 completed successfully ...        0 min, 44.685 sec
*sMTD  26 completed successfully ...        0 min, 44.378 sec
*sMTD  23 completed successfully ...        0 min, 44.877 sec
*sMTD  35 completed successfully ...        0 min, 45.175 sec
*sMTD  17 completed successfully ...        0 min, 45.296 sec
*sMTD  29 completed successfully ...        0 min, 44.106 sec
*sMTD  24 completed successfully ...        0 min, 44.938 sec
*sMTD  28 completed successfully ...        0 min, 44.292 sec
*sMTD  27 completed successfully ...        0 min, 44.470 sec
*sMTD  25 completed successfully ...        0 min, 45.277 sec
*sMTD  30 completed successfully ...        0 min, 44.469 sec
*sMTD  34 completed successfully ...        0 min, 24.985 sec
*sMTD  31 completed successfully ...        0 min, 25.269 sec
*sMTD  32 completed successfully ...        0 min, 25.270 sec
*sMTD  33 completed successfully ...        0 min, 25.189 sec

 ======================================
 |  Multilevel Ensemble Optimization  |
 ======================================
 Optimizing all 2124 structures from file "crest_rotamers_0.xyz" ...
 ----------------------
 crude pre-optimization
 ----------------------
 Optimization engine: ANCOPT
 Hessian update type: BFGS
 E/G convergence criteria:  0.500E-03 Eh, 0.100E-01 Eh/a0
 maximum optimization steps: 200
 |>0.0% |>7.5% |>15.0% |>22.5% |>30.0% |>37.5% |>45.0% |>52.5% |>60.0% |>67.5% |>75.0% |>82.5% |>90.0% |>97.5% |>100.0%
 done.
> 2124 of 2124 structures successfully optimized (100.0% success)
> Total runtime for 2124 optimizations:
 * wall-time:     0 d,  0 h,  0 min, 49.433 sec
 *  cpu-time:     0 d,  0 h, 12 min, 25.378 sec
 * ratio c/w:    15.078 speedup
> Corresponding to approximately 0.023 sec per processed structure

CREGEN> number of topology-based structure removals: 2
CREGEN> running RMSDs ... done.
CREGEN> E lowest :   -59.99214
 1208 structures remain within    12.00 kcal/mol window
 ---------------------------------------
 optimization with very tight thresholds
 ---------------------------------------
 Optimization engine: ANCOPT
 Hessian update type: BFGS
 E/G convergence criteria:  0.100E-06 Eh, 0.200E-03 Eh/a0
 maximum optimization steps: 200
 |>0.1% |>7.5% |>15.1% |>22.5% |>30.0% |>37.5% |>45.0% |>52.6% |>60.0% |>67.5% |>75.0% |>82.5% |>90.1% |>97.5% |>100.0%
 done.
> 1202 of 1208 structures successfully optimized (99.5% success)
> Total runtime for 1208 optimizations:
 * wall-time:     0 d,  0 h,  1 min, 45.665 sec
 *  cpu-time:     0 d,  0 h, 26 min, 51.104 sec
 * ratio c/w:    15.247 speedup
> Corresponding to approximately 0.087 sec per processed structure

CREGEN> running RMSDs ... done.
CREGEN> E lowest :   -59.99254
 84 structures remain within     6.00 kcal/mol window
CREGEN> running RMSDs ... done.
CREGEN> E lowest :   -59.99254

 Static MTD simulation iteration 3 finished
 A total of 63 conformers (+ 1.59%) in crest_conformers.xyz
 S(approx.) =    4.666662 cal/molK (dS = 0.20%)
 Convergence w.r.t. conformers: T
 Convergence w.r.t. entropy   : T

     H(298.15K)-H(0) (conf)      0.726828
                   Cp(conf)      2.714804
                    S(conf)      4.664276


 --------------------------
 Final Ensemble Information
 --------------------------
 input  file name : crest_rotamers_2.xyz
 output file name : crest_rotamers_3.xyz
 number of atoms                :   33
 number of points on xyz files  :   231
 RMSD threshold                 :   0.1250
 Bconst threshold               :   0.0100
 population threshold           :   0.0500
 # fragment in coord            :     1
 # bonds in reference structure :    34
 number of reliable points      :   231
 sorting energy window (EWIN)   :    6.0000 / kcal*mol⁻¹
 reference state Etot           :  -59.992543519999998
 number of doubles removed by rot/RMSD         :          77
 total number unique points considered further :         154
       Erel/kcal        Etot weight/tot  conformer     set   degen     origin
       1   0.000   -59.99254    0.11590    0.34769       1       3
       2   0.530   -59.99170    0.04740    0.14219       2       3
       3   0.762   -59.99133    0.03207    0.09620       3       3
       4   0.840   -59.99120    0.02809    0.08425       4       3
       5   0.875   -59.99115    0.02652    0.07956       5       3
       6   1.082   -59.99082    0.01870    0.03740       6       2
       7   1.084   -59.99082    0.01864    0.01864       7       1
       8   1.391   -59.99033    0.01110    0.03330       8       3
       9   1.447   -59.99024    0.01010    0.03030       9       3
      10   1.467   -59.99021    0.00977    0.01954      10       2
      11   1.537   -59.99009    0.00868    0.02603      11       3
      12   1.631   -59.98994    0.00740    0.02221      12       3
      13   1.877   -59.98955    0.00489    0.01467      13       3
      14   1.893   -59.98953    0.00476    0.01428      14       3
      15   2.245   -59.98897    0.00263    0.00789      15       3
      16   2.390   -59.98874    0.00206    0.00618      16       3
      17   2.703   -59.98824    0.00121    0.00364      17       3
      18   2.792   -59.98809    0.00104    0.00313      18       3
      19   2.822   -59.98805    0.00099    0.00298      19       3
      20   2.978   -59.98780    0.00076    0.00229      20       3
      21   3.148   -59.98753    0.00057    0.00172      21       3
      22   3.418   -59.98710    0.00036    0.00109      22       3
      23   3.567   -59.98686    0.00028    0.00028      23       1
      24   3.640   -59.98674    0.00025    0.00050      24       2
      25   3.798   -59.98649    0.00019    0.00057      25       3
      26   3.986   -59.98619    0.00014    0.00042      26       3
      27   4.055   -59.98608    0.00012    0.00037      27       3
      28   4.173   -59.98589    0.00010    0.00031      28       3
      29   4.227   -59.98581    0.00009    0.00028      29       3
      30   4.236   -59.98579    0.00009    0.00027      30       3
      31   4.467   -59.98542    0.00006    0.00019      31       3
      32   4.563   -59.98527    0.00005    0.00016      32       3
      33   4.574   -59.98525    0.00005    0.00016      33       3
      34   4.635   -59.98516    0.00005    0.00009      34       2
      35   4.652   -59.98513    0.00005    0.00014      35       3
      36   4.655   -59.98513    0.00005    0.00005      36       1
      37   4.678   -59.98509    0.00004    0.00004      37       1
      38   4.680   -59.98509    0.00004    0.00009      38       2
      39   4.787   -59.98492    0.00004    0.00011      39       3
      40   4.810   -59.98488    0.00003    0.00003      40       1
      41   4.857   -59.98480    0.00003    0.00006      41       2
      42   4.895   -59.98474    0.00003    0.00009      42       3
      43   4.958   -59.98464    0.00003    0.00008      43       3
      44   5.006   -59.98457    0.00002    0.00005      44       2
      45   5.169   -59.98431    0.00002    0.00004      45       2
      46   5.178   -59.98429    0.00002    0.00006      46       3
      47   5.225   -59.98422    0.00002    0.00002      47       1
      48   5.260   -59.98416    0.00002    0.00003      48       2
      49   5.264   -59.98415    0.00002    0.00005      49       3
      50   5.289   -59.98411    0.00002    0.00002      50       1
      51   5.400   -59.98394    0.00001    0.00003      51       2
      52   5.404   -59.98393    0.00001    0.00003      52       2
      53   5.417   -59.98391    0.00001    0.00001      53       1
      54   5.432   -59.98389    0.00001    0.00004      54       3
      55   5.488   -59.98380    0.00001    0.00003      55       3
      56   5.535   -59.98372    0.00001    0.00002      56       2
      57   5.576   -59.98366    0.00001    0.00001      57       1
      58   5.583   -59.98365    0.00001    0.00003      58       3
      59   5.585   -59.98364    0.00001    0.00001      59       1
      60   5.662   -59.98352    0.00001    0.00001      60       1
      61   5.671   -59.98351    0.00001    0.00002      61       3
      62   5.785   -59.98332    0.00001    0.00002      62       3
      63   5.842   -59.98323    0.00001    0.00001      63       2
T /K                                  :   298.15
E lowest                              :   -59.99254
ensemble average energy (kcal)        :    0.695
ensemble entropy (J/mol K, cal/mol K) :   27.669    6.613
ensemble free energy (kcal/mol)       :   -1.972
population of lowest in %             :   34.769
 number of unique conformers for further calc           63
 list of relative energies saved as "crest.energies"
 compare nuclear equivalencies ...
::::::::::: conformer group all :::::::::::
 chemical equivalencies (mag.active nuclei):
reference atom  11 # : 3
 magnetic equivalencies:
reference atom  11 # : 3

******************************************************************************************
**                           ENSEMBLE ENTROPY CALCULATION                               **
******************************************************************************************
======================================================
 Containing 58 conformers :
     H(298.15K)-H(0) (conf)      0.722727
                   Cp(conf)      2.643588
                    S(conf)      4.646967
======================================================
 Containing 60 conformers :
     H(298.15K)-H(0) (conf)      0.723950
                   Cp(conf)      2.666679
                    S(conf)      4.652748
======================================================
 Containing 62 conformers :
     H(298.15K)-H(0) (conf)      0.724578
                   Cp(conf)      2.680734
                    S(conf)      4.655149
======================================================
 Containing 63 conformers :
     H(298.15K)-H(0) (conf)      0.726828
                   Cp(conf)      2.714804
                    S(conf)      4.664276
======================================================

 --------------------------------------
 FINAL CALCULATION OF MOLECULAR ENTROPY
 --------------------------------------

   block      Siter   Siter (fit) 
        1    0.006    0.010
        2    0.008    0.010
        3    0.017    0.010
R²       :    0.999978
WARNING: large fit error expected

FINAL ENTROPY (max conf.)  :      4.66428

 ----------------------------------
 Frequency Calculation and Averages
 ----------------------------------
 Nconf on file      : 63
 Taken for Hessians : 11 (= 91.93% total population)
 T range  /K    :   278.15   378.15
 scaling factor :          1.000000     
 rotor cutoff   :         25.000000 cm⁻¹
 imag. cutoff   :        -50.000000 cm⁻¹

 Running 11 calculations ...
 |>9.1% |>18.2% |>27.3% |>36.4% |>45.5% |>54.5% |>63.6% |>72.7% |>81.8% |>90.9% |>100.0%
 done.
 calculating averages for G and S ...    done.
 calculating Boltzmann weights ...       done.
 calculating reference S (bhess) ... > bhess not implemented for calculator routines
    done.
 calculating δSrrho ...                  done.

 Coordinates for the bhess reference structure (Ångström):
 -----------------------------------------------------------
  33

 P          2.8704664599       -0.6670146770       -0.1576367087
 O          3.2972461174        0.2474499208       -1.2307233356
 O          1.7946640270       -1.7368719237       -0.5777495467
 H          0.8221966586       -1.4955830921       -0.4614832035
 O          4.0884681581       -1.5649852703        0.3764000644
 H          4.7655836407       -1.5742834071       -0.3009614650
 C          2.2831684367        0.1120864924        1.4153779473
 O          1.0895777088        0.8230700846        1.2441971755
 C          1.1644290113        1.9290632480        0.3533313197
 C          0.5483570833        3.1432574564        1.0447899917
 H          0.5844435051        4.0104065538        0.3912260891
 H          1.0995081862        3.3644650374        1.9548383939
 H         -0.4838758569        2.9348252040        1.3156062559
 H          2.2106589436        2.1339865155        0.0997680650
 C          0.4380253314        1.5925814923       -0.9673122141
 N         -0.9267143736        1.2105758473       -0.7372141958
 C         -1.3905371637       -0.0163917355       -0.3753156209
 N         -0.7448578521       -1.1825919755       -0.2634722684
 C         -1.5288199128       -2.1842839399        0.1014901026
 N         -2.8231331149       -2.1587085024        0.3480842037
 C         -3.4892224068       -1.0043832861        0.2284328360
 N         -4.8071165921       -0.9918348766        0.4730769196
 H         -5.2647937583       -1.8456744439        0.7366065300
 H         -5.3162545536       -0.1317684756        0.3823236367
 C         -2.7706965092        0.1428526016       -0.1516025684
 N         -3.1237149119        1.4487691993       -0.3716667055
 C         -2.0151963803        2.0366405477       -0.7048728848
 H         -1.9442384438        3.0766816533       -0.9571677489
 H         -1.0458648411       -3.1459333734        0.2077883588
 H          0.9607536535        0.7708481562       -1.4600729186
 H          0.4565057420        2.4683705686       -1.6194541283
 H          2.0737488769       -0.6785788170        2.1362327357
 H          3.0827053995        0.7532244124        1.8080525571
 -----------------------------------------------------------
 as read from <coord>
 Heavy-atom RMSD between lowest conformer and this reference :
 RMSD(heavy) =        0.001637 Å

 msRRHO(bhess) reference entropies:
      278.15        135.600404
      288.15        138.063359
      298.15        140.511012
      308.15        142.943831
      318.15        145.362162
      328.15        147.766247
      338.15        150.156244
      348.15        152.532238
      358.15        154.894259
      368.15        157.242290
      378.15        159.576282

       T/K  |S(T)|/cal/molK       |G(T)|/Eh     G_lowest/Eh    (conf)
   -----------------------------------------------------------------
    278.15    0.135361E+03    0.202136E+00      -59.790904         1
    288.15    0.137819E+03    0.199978E+00      -59.793070         1
    298.15    0.140263E+03    0.197780E+00      -59.795274         1
    308.15    0.142692E+03    0.195543E+00      -59.797518         1
    318.15    0.145108E+03    0.193267E+00      -59.799800         1
    328.15    0.147509E+03    0.190952E+00      -59.802121         1
    338.15    0.149897E+03    0.188600E+00      -59.804480         1
    348.15    0.152271E+03    0.186209E+00      -59.806876         1
    358.15    0.154632E+03    0.183780E+00      -59.809311         1
    368.15    0.156978E+03    0.181314E+00      -59.811783         1
    378.15    0.159311E+03    0.178810E+00      -59.814292         1
   -----------------------------------------------------------------
   NOTE: if |G(T)| is the averaged contributrion to the free energy.
   |G(T)| used only for the higher-energetic structures (n > 11).
   All other structures use G(T) from the respective Hessian calculations.

 Quantities calculated on free energies:
       T/K          δSrrho           Cp(T)     [H(T)-H(0)]
   -------------------------------------------------------
    278.15   -0.239815E+00    0.360466E+01        0.647538
    288.15   -0.244282E+00    0.356185E+01        0.681389
    298.15   -0.248192E+00    0.352259E+01        0.714809
    308.15   -0.251599E+00    0.348709E+01        0.747835
    318.15   -0.254550E+00    0.345535E+01        0.780503
    328.15   -0.257091E+00    0.342722E+01        0.812848
    338.15   -0.259263E+00    0.340247E+01        0.844904
    348.15   -0.261101E+00    0.338075E+01        0.876701
    358.15   -0.262639E+00    0.336173E+01        0.908268
    368.15   -0.263906E+00    0.334500E+01        0.939627
    378.15   -0.264929E+00    0.333019E+01        0.970799
   -------------------------------------------------------
   NOTE: δSrrho(T) = |S(T)| - Sref(T)

 ----------------------
 TEMPERATURE DEPENDENCE
 ----------------------

 Final CONFORMATIONAL quantities at given T:
       T/K        S(total)           Cp(T)     [H(T)-H(0)]        G(total)
   -----------------------------------------------------------------------
    278.15        4.233097        3.604664        0.647538       -0.529898
    288.15        4.326719        3.561852        0.681389       -0.565356
    298.15        4.416084        3.522594        0.714809       -0.601846
    308.15        4.501682        3.487092        0.747835       -0.639358
    318.15        4.583936        3.455351        0.780503       -0.677876
    328.15        4.663209        3.427225        0.812848       -0.717384
    338.15        4.739809        3.402465        0.844904       -0.757863
    348.15        4.813999        3.380753        0.876701       -0.799292
    358.15        4.886000        3.361725        0.908268       -0.841653
    368.15        4.955998        3.344999        0.939627       -0.884923
    378.15        5.024152        3.330186        0.970799       -0.929084
   -----------------------------------------------------------------------
   S and Cp in cal/mol*K; H and G in kcal/mol
   G(total) is the ensemble free energy (H-T*S) and S(total) = S(conf,extrapol.) + δSrrho

 ----------------------------------------------------
 |      FINAL MOLECULAR ENTROPY AT T= 298.15 K      |
 ----------------------------------------------------
     Sconf   =          4.664276
   + δSrrho  =         -0.248192
 -----------------------------------------------------
 = S(total)  =          4.416084  (cal mol⁻¹ K⁻¹)

   H(T)-H(0) =          0.714809
   G         =         -1.316655   (-T*S)
 -----------------------------------------------------
 = G(total)  =         -0.601846  (H-T*S) (kcal mol⁻¹)

   Cp(total) =          3.522594  (cal mol⁻¹ K⁻¹)


 -----------------
 Wall Time Summary
 -----------------
 CREST runtime (total)               0 d,  0 h, 20 min, 17.491 sec
 ------------------------------------------------------------------
 Trial metadynamics (MTD)   ...        0 min,  3.895 sec (  0.320%)
 Metadynamics (MTD)         ...        2 min, 22.205 sec ( 11.680%)
 Geometry optimization      ...       12 min,  0.013 sec ( 59.139%)
 Static metadynamics (sMTD) ...        5 min, 44.494 sec ( 28.295%)
 Conf. entropy evaluation   ...        0 min,  6.013 sec (  0.494%)
 I/O and setup              ...        0 min,  0.870 sec (  0.071%)
 ------------------------------------------------------------------
 * wall-time:     0 d,  0 h, 20 min, 17.491 sec
 *  cpu-time:     0 d,  4 h, 43 min, 40.366 sec
 * ratio c/w:    13.980 speedup
 ------------------------------------------------------------------
 * Total number of energy+grad calls: 602333

 CREST terminated normally.
